<?xml version="1.0" encoding="utf-8"?>
<CoverageSession xmlns:xsd="http://www.w3.org/2001/XMLSchema" xmlns:xsi="http://www.w3.org/2001/XMLSchema-instance" Version="4.7.922.0">
  <Summary numSequencePoints="1004" visitedSequencePoints="506" numBranchPoints="761" visitedBranchPoints="383" sequenceCoverage="50.40" branchCoverage="50.33" maxCyclomaticComplexity="53" minCyclomaticComplexity="0" maxCrapScore="420" minCrapScore="0" visitedClasses="9" numClasses="23" visitedMethods="53" numMethods="113" />
  <Modules>
    <Module skippedDueTo="Filter" hash="2C-0A-DB-43-10-48-22-0F-95-A5-55-5E-09-63-DE-54-74-CA-23-DB">
      <ModulePath>C:\WINDOWS\Microsoft.Net\assembly\GAC_32\mscorlib\v4.0_4.0.0.0__b77a5c561934e089\mscorlib.dll</ModulePath>
      <ModuleTime>2019-05-15T03:10:28Z</ModuleTime>
      <ModuleName>mscorlib</ModuleName>
      <Classes />
    </Module>
    <Module skippedDueTo="Filter" hash="08-A6-16-9E-E4-F9-CB-0D-E0-37-25-69-FA-6A-D2-2C-DE-66-1A-47">
      <ModulePath>C:\Program Files (x86)\Microsoft Visual Studio\2019\Community\Common7\IDE\CommonExtensions\Microsoft\TestWindow\vstest.console.exe</ModulePath>
      <ModuleTime>2019-06-08T12:06:20.0978707Z</ModuleTime>
      <ModuleName>vstest.console</ModuleName>
      <Classes />
    </Module>
    <Module skippedDueTo="Filter" hash="E2-7C-77-B6-A3-C4-6D-C3-8E-04-AA-40-E0-1D-4D-BA-BA-60-D6-54">
      <ModulePath>C:\Program Files (x86)\Microsoft Visual Studio\2019\Community\Common7\IDE\Extensions\TestPlatform\vstest.console.exe</ModulePath>
      <ModuleTime>2019-06-08T12:06:20.0978707Z</ModuleTime>
      <ModuleName>vstest.console</ModuleName>
      <Classes />
    </Module>
    <Module skippedDueTo="Filter" hash="0A-53-68-7D-08-2F-FF-DB-CD-AB-0F-5D-8E-D0-4D-3F-67-8A-AD-2E">
      <ModulePath>C:\Program Files (x86)\Microsoft Visual Studio\2019\Community\Common7\IDE\Extensions\TestPlatform\Microsoft.TestPlatform.CoreUtilities.dll</ModulePath>
      <ModuleTime>2019-06-08T12:06:20.0978707Z</ModuleTime>
      <ModuleName>Microsoft.TestPlatform.CoreUtilities</ModuleName>
      <Classes />
    </Module>
    <Module skippedDueTo="Filter" hash="40-04-99-9D-2D-37-FE-28-9E-69-AC-F2-72-DA-4F-E7-75-E4-0B-1A">
      <ModulePath>C:\WINDOWS\Microsoft.Net\assembly\GAC_MSIL\System\v4.0_4.0.0.0__b77a5c561934e089\System.dll</ModulePath>
      <ModuleTime>2019-04-09T03:27:10Z</ModuleTime>
      <ModuleName>System</ModuleName>
      <Classes />
    </Module>
    <Module skippedDueTo="Filter" hash="8E-57-3D-F1-2F-EB-C8-2B-39-30-A0-9E-D3-FB-4B-B4-02-62-EC-2F">
      <ModulePath>C:\Program Files (x86)\Microsoft Visual Studio\2019\Community\Common7\IDE\Extensions\TestPlatform\Microsoft.VisualStudio.TestPlatform.ObjectModel.dll</ModulePath>
      <ModuleTime>2019-06-08T12:06:20.0978707Z</ModuleTime>
      <ModuleName>Microsoft.VisualStudio.TestPlatform.ObjectModel</ModuleName>
      <Classes />
    </Module>
    <Module skippedDueTo="Filter" hash="74-85-67-6E-30-DB-18-D3-8B-BB-F0-90-F2-61-33-99-0D-CE-D3-2B">
      <ModulePath>C:\Program Files (x86)\Microsoft Visual Studio\2019\Community\Common7\IDE\Extensions\TestPlatform\Microsoft.VisualStudio.TestPlatform.Client.dll</ModulePath>
      <ModuleTime>2019-06-08T12:06:20.0978707Z</ModuleTime>
      <ModuleName>Microsoft.VisualStudio.TestPlatform.Client</ModuleName>
      <Classes />
    </Module>
    <Module skippedDueTo="Filter" hash="B3-28-69-E7-5C-7E-C3-79-C1-65-DF-DD-F1-6B-D0-2C-DC-A9-1E-6C">
      <ModulePath>C:\Program Files (x86)\Microsoft Visual Studio\2019\Community\Common7\IDE\Extensions\TestPlatform\Microsoft.VisualStudio.TestPlatform.Common.dll</ModulePath>
      <ModuleTime>2019-06-08T12:06:20.0978707Z</ModuleTime>
      <ModuleName>Microsoft.VisualStudio.TestPlatform.Common</ModuleName>
      <Classes />
    </Module>
    <Module skippedDueTo="Filter" hash="1D-C9-5A-03-95-F1-95-86-B4-B4-CF-33-C2-D7-F2-AB-92-13-02-F5">
      <ModulePath>C:\WINDOWS\Microsoft.Net\assembly\GAC_MSIL\System.Core\v4.0_4.0.0.0__b77a5c561934e089\System.Core.dll</ModulePath>
      <ModuleTime>2019-05-15T03:10:28Z</ModuleTime>
      <ModuleName>System.Core</ModuleName>
      <Classes />
    </Module>
    <Module skippedDueTo="Filter" hash="8F-5B-61-5A-B0-D3-2A-E8-BF-35-47-5A-9E-30-A4-76-2A-98-59-DD">
      <ModulePath>C:\Program Files (x86)\Microsoft Visual Studio\2019\Community\Common7\IDE\Extensions\TestPlatform\Microsoft.TestPlatform.PlatformAbstractions.dll</ModulePath>
      <ModuleTime>2019-06-08T12:06:20.0978707Z</ModuleTime>
      <ModuleName>Microsoft.TestPlatform.PlatformAbstractions</ModuleName>
      <Classes />
    </Module>
    <Module skippedDueTo="Filter" hash="BA-94-4B-50-1E-D5-31-87-F3-25-6E-BA-07-71-E4-9F-22-0D-B8-34">
      <ModulePath>C:\WINDOWS\Microsoft.Net\assembly\GAC_MSIL\System.Xml\v4.0_4.0.0.0__b77a5c561934e089\System.Xml.dll</ModulePath>
      <ModuleTime>2019-03-19T04:46:51.77351Z</ModuleTime>
      <ModuleName>System.Xml</ModuleName>
      <Classes />
    </Module>
    <Module skippedDueTo="Filter" hash="DE-C7-40-8B-BA-FF-73-22-17-A0-BC-EA-F0-AD-88-BE-2C-9D-DC-23">
      <ModulePath>C:\Program Files (x86)\Microsoft Visual Studio\2019\Community\Common7\IDE\Extensions\TestPlatform\Microsoft.TestPlatform.Utilities.dll</ModulePath>
      <ModuleTime>2019-06-08T12:06:20.0978707Z</ModuleTime>
      <ModuleName>Microsoft.TestPlatform.Utilities</ModuleName>
      <Classes />
    </Module>
    <Module skippedDueTo="Filter" hash="DF-C9-61-37-67-FC-86-B5-19-6B-51-39-78-82-42-F2-94-44-FD-2F">
      <ModulePath>C:\WINDOWS\Microsoft.Net\assembly\GAC_MSIL\System.Configuration\v4.0_4.0.0.0__b03f5f7f11d50a3a\System.Configuration.dll</ModulePath>
      <ModuleTime>2019-03-19T04:46:46.1168105Z</ModuleTime>
      <ModuleName>System.Configuration</ModuleName>
      <Classes />
    </Module>
    <Module skippedDueTo="Filter" hash="BD-CB-CC-BA-58-8C-47-BC-2C-04-83-EB-E9-BD-D7-83-9B-C0-54-4F">
      <ModulePath>C:\Program Files (x86)\Microsoft Visual Studio\2019\Community\Common7\IDE\Extensions\TestPlatform\Microsoft.TestPlatform.CrossPlatEngine.dll</ModulePath>
      <ModuleTime>2019-06-08T12:06:20.0978707Z</ModuleTime>
      <ModuleName>Microsoft.TestPlatform.CrossPlatEngine</ModuleName>
      <Classes />
    </Module>
    <Module skippedDueTo="Filter" hash="A0-5E-93-D4-0F-C1-5F-84-DB-B3-88-C2-57-55-8D-F9-CF-05-1F-52">
      <ModulePath>C:\Program Files (x86)\Microsoft Visual Studio\2019\Community\Common7\IDE\Extensions\TestPlatform\Extensions\Microsoft.TestPlatform.Extensions.BlameDataCollector.dll</ModulePath>
      <ModuleTime>2019-06-08T12:06:20.0978707Z</ModuleTime>
      <ModuleName>Microsoft.TestPlatform.Extensions.BlameDataCollector</ModuleName>
      <Classes />
    </Module>
    <Module skippedDueTo="Filter" hash="A3-03-6A-31-0F-CF-B2-E2-B8-93-8C-DA-2F-B1-A5-5D-F3-7A-E8-34">
      <ModulePath>C:\Program Files (x86)\Microsoft Visual Studio\2019\Community\Common7\IDE\Extensions\TestPlatform\Extensions\Microsoft.TestPlatform.Extensions.EventLogCollector.dll</ModulePath>
      <ModuleTime>2019-06-08T12:06:20.0978707Z</ModuleTime>
      <ModuleName>Microsoft.TestPlatform.Extensions.EventLogCollector</ModuleName>
      <Classes />
    </Module>
    <Module skippedDueTo="Filter" hash="54-1C-6A-57-F0-80-06-18-6A-9E-3C-B2-CB-1E-81-DB-20-71-2C-6B">
      <ModulePath>C:\Program Files (x86)\Microsoft Visual Studio\2019\Community\Common7\IDE\Extensions\TestPlatform\Extensions\Microsoft.TestPlatform.TestHostRuntimeProvider.dll</ModulePath>
      <ModuleTime>2019-06-08T12:06:20.0978707Z</ModuleTime>
      <ModuleName>Microsoft.TestPlatform.TestHostRuntimeProvider</ModuleName>
      <Classes />
    </Module>
    <Module skippedDueTo="Filter" hash="C1-36-34-EF-FA-B9-9C-08-DB-3A-1F-CB-F7-E4-D9-3B-0D-5B-C4-78">
      <ModulePath>C:\Program Files (x86)\Microsoft Visual Studio\2019\Community\Common7\IDE\Extensions\TestPlatform\Microsoft.VisualStudio.Coverage.Interop.dll</ModulePath>
      <ModuleTime>2019-06-08T12:06:20.0978707Z</ModuleTime>
      <ModuleName>Microsoft.VisualStudio.Coverage.Interop</ModuleName>
      <Classes />
    </Module>
    <Module skippedDueTo="Filter" hash="6D-2C-72-88-15-91-9D-D6-04-2E-FB-C0-35-40-29-DD-06-65-8F-DD">
      <ModulePath>C:\Program Files (x86)\Microsoft Visual Studio\2019\Community\Common7\IDE\Extensions\TestPlatform\Extensions\Microsoft.VisualStudio.TestPlatform.Extensions.CodedWebTestAdapter.dll</ModulePath>
      <ModuleTime>2019-06-08T12:06:20.0978707Z</ModuleTime>
      <ModuleName>Microsoft.VisualStudio.TestPlatform.Extensions.CodedWebTestAdapter</ModuleName>
      <Classes />
    </Module>
    <Module skippedDueTo="Filter" hash="E0-FF-98-8E-7B-EC-F3-A0-49-69-C2-7C-56-24-4E-DE-30-92-F2-A8">
      <ModulePath>C:\Program Files (x86)\Microsoft Visual Studio\2019\Community\Common7\IDE\Extensions\TestPlatform\Extensions\Microsoft.VisualStudio.TestPlatform.Extensions.TmiAdapter.dll</ModulePath>
      <ModuleTime>2019-06-08T12:06:20.0978707Z</ModuleTime>
      <ModuleName>Microsoft.VisualStudio.TestPlatform.Extensions.TmiAdapter</ModuleName>
      <Classes />
    </Module>
    <Module skippedDueTo="Filter" hash="09-3B-59-14-82-90-39-0B-22-7D-6B-2F-65-88-AD-21-38-B5-28-BE">
      <ModulePath>C:\Program Files (x86)\Microsoft Visual Studio\2019\Community\Common7\IDE\Extensions\TestPlatform\Microsoft.VisualStudio.QualityTools.Common.dll</ModulePath>
      <ModuleTime>2019-06-08T12:06:20.0978707Z</ModuleTime>
      <ModuleName>Microsoft.VisualStudio.QualityTools.Common</ModuleName>
      <Classes />
    </Module>
    <Module skippedDueTo="Filter" hash="1F-DB-7D-B9-D0-13-68-BE-6B-E5-D9-77-A2-2D-21-17-CB-E6-B1-51">
      <ModulePath>C:\Program Files (x86)\Microsoft Visual Studio\2019\Community\Common7\IDE\Extensions\TestPlatform\Extensions\Microsoft.VisualStudio.TestPlatform.Extensions.GenericTestAdapter.dll</ModulePath>
      <ModuleTime>2019-06-08T12:06:20.0978707Z</ModuleTime>
      <ModuleName>Microsoft.VisualStudio.TestPlatform.Extensions.GenericTestAdapter</ModuleName>
      <Classes />
    </Module>
    <Module skippedDueTo="Filter" hash="92-DA-7F-5F-17-E4-CA-E0-A8-C5-9A-E3-2D-87-13-C5-63-B4-87-AE">
      <ModulePath>C:\Program Files (x86)\Microsoft Visual Studio\2019\Community\Common7\IDE\Extensions\TestPlatform\Extensions\Microsoft.VisualStudio.TestPlatform.Extensions.OrderedTestAdapter.dll</ModulePath>
      <ModuleTime>2019-06-08T12:06:20.0978707Z</ModuleTime>
      <ModuleName>Microsoft.VisualStudio.TestPlatform.Extensions.OrderedTestAdapter</ModuleName>
      <Classes />
    </Module>
    <Module skippedDueTo="Filter" hash="A9-D9-19-BB-50-D2-E9-69-65-42-38-AD-A4-2C-30-FA-74-5A-98-3F">
      <ModulePath>C:\Program Files (x86)\Microsoft Visual Studio\2019\Community\Common7\IDE\Extensions\TestPlatform\Extensions\Microsoft.VisualStudio.TestPlatform.Extensions.Trx.TestLogger.dll</ModulePath>
      <ModuleTime>2019-06-08T12:06:20.0978707Z</ModuleTime>
      <ModuleName>Microsoft.VisualStudio.TestPlatform.Extensions.Trx.TestLogger</ModuleName>
      <Classes />
    </Module>
    <Module skippedDueTo="Filter" hash="26-BD-3C-8B-4F-C4-F2-D4-BB-D0-CE-D7-6D-3D-11-AC-04-6C-B8-9C">
      <ModulePath>C:\Program Files (x86)\Microsoft Visual Studio\2019\Community\Common7\IDE\Extensions\TestPlatform\Extensions\Microsoft.VisualStudio.TestPlatform.Extensions.VSTestIntegration.dll</ModulePath>
      <ModuleTime>2019-06-08T12:06:20.0978707Z</ModuleTime>
      <ModuleName>Microsoft.VisualStudio.TestPlatform.Extensions.VSTestIntegration</ModuleName>
      <Classes />
    </Module>
    <Module skippedDueTo="Filter" hash="30-7F-05-3F-B3-46-A5-02-11-99-64-D7-DF-30-AC-67-68-3C-AE-B6">
      <ModulePath>C:\Program Files (x86)\Microsoft Visual Studio\2019\Community\Common7\IDE\Extensions\TestPlatform\Microsoft.VisualStudio.QualityTools.UnitTestFramework.dll</ModulePath>
      <ModuleTime>2019-06-08T12:06:20.0978707Z</ModuleTime>
      <ModuleName>Microsoft.VisualStudio.QualityTools.UnitTestFramework</ModuleName>
      <Classes />
    </Module>
    <Module skippedDueTo="Filter" hash="F5-59-CF-00-CD-38-F1-C9-97-6A-D2-21-1D-81-7B-9E-20-67-21-16">
      <ModulePath>C:\WINDOWS\Microsoft.Net\assembly\GAC_32\System.Data\v4.0_4.0.0.0__b77a5c561934e089\System.Data.dll</ModulePath>
      <ModuleTime>2019-03-19T04:46:59.2428523Z</ModuleTime>
      <ModuleName>System.Data</ModuleName>
      <Classes />
    </Module>
    <Module skippedDueTo="Filter" hash="62-A7-FD-CD-BD-24-E8-95-7C-4F-B7-D6-A8-21-C1-CE-E3-A4-CF-1C">
      <ModulePath>C:\Program Files (x86)\Microsoft Visual Studio\2019\Community\Common7\IDE\Extensions\TestPlatform\Extensions\Microsoft.VisualStudio.TestPlatform.Extensions.WebTestAdapter.dll</ModulePath>
      <ModuleTime>2019-06-08T12:06:20.0978707Z</ModuleTime>
      <ModuleName>Microsoft.VisualStudio.TestPlatform.Extensions.WebTestAdapter</ModuleName>
      <Classes />
    </Module>
    <Module skippedDueTo="Filter" hash="B4-0C-24-97-DE-F0-03-1D-D4-51-A2-C0-64-8C-19-D5-2B-A6-5D-19">
      <ModulePath>C:\Program Files (x86)\Microsoft Visual Studio\2019\Community\Common7\IDE\Extensions\TestPlatform\Extensions\Microsoft.VisualStudio.TestTools.CppUnitTestFramework.ComInterfaces.dll</ModulePath>
      <ModuleTime>2019-06-08T12:06:20.0978707Z</ModuleTime>
      <ModuleName>Microsoft.VisualStudio.TestTools.CppUnitTestFramework.ComInterfaces</ModuleName>
      <Classes />
    </Module>
    <Module skippedDueTo="Filter" hash="B0-65-1E-18-19-B7-4A-E6-37-2F-94-87-EC-63-7A-6E-3A-A5-71-DB">
      <ModulePath>C:\Program Files (x86)\Microsoft Visual Studio\2019\Community\Common7\IDE\Extensions\TestPlatform\Extensions\Microsoft.VisualStudio.TestTools.CppUnitTestFramework.CppUnitTestExtension.dll</ModulePath>
      <ModuleTime>2019-06-08T12:06:20.0978707Z</ModuleTime>
      <ModuleName>Microsoft.VisualStudio.TestTools.CppUnitTestFramework.CppUnitTestExtension</ModuleName>
      <Classes />
    </Module>
    <Module skippedDueTo="Filter" hash="27-E2-94-80-A8-8B-98-50-DE-79-6A-87-6F-A8-70-FB-82-18-00-81">
      <ModulePath>C:\Program Files (x86)\Microsoft Visual Studio\2019\Community\Common7\IDE\Extensions\TestPlatform\Extensions\Microsoft.VisualStudio.TestTools.DataCollection.MediaRecorder.Model.dll</ModulePath>
      <ModuleTime>2019-06-08T12:06:20.0978707Z</ModuleTime>
      <ModuleName>Microsoft.VisualStudio.TestTools.DataCollection.MediaRecorder.Model</ModuleName>
      <Classes />
    </Module>
    <Module skippedDueTo="Filter" hash="2C-51-0D-D3-A0-37-35-2F-87-18-D1-04-5B-9D-E1-39-54-7A-6D-D1">
      <ModulePath>C:\Program Files (x86)\Microsoft Visual Studio\2019\Community\Common7\IDE\Extensions\TestPlatform\Extensions\Microsoft.VisualStudio.TestTools.DataCollection.VideoRecorderCollector.dll</ModulePath>
      <ModuleTime>2019-06-08T12:06:20.0978707Z</ModuleTime>
      <ModuleName>Microsoft.VisualStudio.TestTools.DataCollection.VideoRecorderCollector</ModuleName>
      <Classes />
    </Module>
    <Module skippedDueTo="Filter" hash="BC-40-A3-88-AC-E6-50-34-B9-6A-08-E6-A9-CC-3F-48-DE-F1-2A-C8">
      <ModulePath>C:\Program Files (x86)\Microsoft Visual Studio\2019\Community\Common7\IDE\Extensions\TestPlatform\Extensions\Microsoft.VisualStudio.TraceDataCollector.dll</ModulePath>
      <ModuleTime>2019-06-08T12:06:20.0978707Z</ModuleTime>
      <ModuleName>Microsoft.VisualStudio.TraceDataCollector</ModuleName>
      <Classes />
    </Module>
    <Module skippedDueTo="Filter" hash="D5-FE-EB-02-D4-83-D5-00-1B-79-21-2D-C6-7C-CC-2B-98-51-37-EA">
      <ModulePath>C:\Program Files (x86)\Microsoft Visual Studio\2019\Community\Common7\IDE\Extensions\TestPlatform\Microsoft.VisualStudio.ArchitectureTools.PEReader.dll</ModulePath>
      <ModuleTime>2019-06-08T12:06:20.0978707Z</ModuleTime>
      <ModuleName>Microsoft.VisualStudio.ArchitectureTools.PEReader</ModuleName>
      <Classes />
    </Module>
    <Module skippedDueTo="Filter" hash="74-DD-2D-1C-AD-7F-65-90-C2-66-8A-EA-2A-6D-59-4C-D5-4D-3E-D3">
      <ModulePath>C:\Program Files (x86)\Microsoft Visual Studio\2019\Community\Common7\IDE\Extensions\TestPlatform\Microsoft.IntelliTrace.Core.dll</ModulePath>
      <ModuleTime>2019-06-08T12:06:20.0978707Z</ModuleTime>
      <ModuleName>Microsoft.IntelliTrace.Core</ModuleName>
      <Classes />
    </Module>
    <Module skippedDueTo="Filter" hash="9C-00-5B-81-A2-F2-80-73-B7-C8-A8-51-07-55-B3-3A-FD-68-66-29">
      <ModulePath>C:\Program Files (x86)\Microsoft Visual Studio\2019\Community\Common7\IDE\Extensions\TestPlatform\Extensions\Microsoft.VisualStudio.UwpTestHostRuntimeProvider.dll</ModulePath>
      <ModuleTime>2019-07-10T21:05:14.6187519Z</ModuleTime>
      <ModuleName>Microsoft.VisualStudio.UwpTestHostRuntimeProvider</ModuleName>
      <Classes />
    </Module>
    <Module skippedDueTo="Filter" hash="55-66-B5-AC-86-26-F2-F1-B9-5E-F0-3D-BC-A8-54-B2-FF-A4-6B-A6">
      <ModulePath>C:\Program Files (x86)\Microsoft Visual Studio\2019\Community\Common7\IDE\PrivateAssemblies\Microsoft.VisualStudio.Telemetry.dll</ModulePath>
      <ModuleTime>2019-07-10T21:05:14.6187519Z</ModuleTime>
      <ModuleName>Microsoft.VisualStudio.Telemetry</ModuleName>
      <Classes />
    </Module>
    <Module skippedDueTo="Filter" hash="7C-EE-AA-42-DC-F3-85-1B-37-F9-F4-88-31-A3-1B-4D-84-4A-BA-F4">
      <ModulePath>C:\Program Files (x86)\Microsoft Visual Studio\2019\Community\Common7\IDE\Extensions\TestPlatform\Microsoft.VisualStudio.UwpTestHostRuntimeProvider.Deployment.dll</ModulePath>
      <ModuleTime>2019-07-10T21:05:14.6187519Z</ModuleTime>
      <ModuleName>Microsoft.VisualStudio.UwpTestHostRuntimeProvider.Deployment</ModuleName>
      <Classes />
    </Module>
    <Module skippedDueTo="Filter" hash="A3-00-BC-74-ED-0E-A0-B7-23-F8-72-17-82-88-BD-BE-64-2F-02-47">
      <ModulePath>C:\Program Files (x86)\Microsoft Visual Studio\2019\Community\Common7\IDE\Extensions\TestPlatform\System.Reflection.Metadata.dll</ModulePath>
      <ModuleTime>2019-06-08T12:06:20.0978707Z</ModuleTime>
      <ModuleName>System.Reflection.Metadata</ModuleName>
      <Classes />
    </Module>
    <Module skippedDueTo="Filter" hash="70-37-25-C9-B8-BF-F9-85-66-AE-F5-D6-96-45-CD-BB-C7-5C-11-02">
      <ModulePath>C:\WINDOWS\Microsoft.Net\assembly\GAC_MSIL\System.Runtime\v4.0_4.0.0.0__b03f5f7f11d50a3a\System.Runtime.dll</ModulePath>
      <ModuleTime>2019-03-19T04:46:43.1478208Z</ModuleTime>
      <ModuleName>System.Runtime</ModuleName>
      <Classes />
    </Module>
    <Module skippedDueTo="Filter" hash="6F-5E-FA-16-B3-7C-7D-0A-6F-70-95-6E-DE-31-37-C5-C8-41-15-0D">
      <ModulePath>C:\WINDOWS\Microsoft.Net\assembly\GAC_MSIL\System.IO\v4.0_4.0.0.0__b03f5f7f11d50a3a\System.IO.dll</ModulePath>
      <ModuleTime>2019-03-19T04:46:43.5384764Z</ModuleTime>
      <ModuleName>System.IO</ModuleName>
      <Classes />
    </Module>
    <Module skippedDueTo="Filter" hash="43-EF-7F-ED-6A-8A-CB-EB-8B-00-F6-84-87-4D-29-32-6A-32-D6-B4">
      <ModulePath>C:\Program Files (x86)\Microsoft Visual Studio\2019\Community\Common7\IDE\Extensions\TestPlatform\System.Collections.Immutable.dll</ModulePath>
      <ModuleTime>2019-06-08T12:06:20.0978707Z</ModuleTime>
      <ModuleName>System.Collections.Immutable</ModuleName>
      <Classes />
    </Module>
    <Module skippedDueTo="Filter" hash="F4-D2-99-67-F6-8C-2C-14-0A-64-3C-1A-D1-D7-3E-E0-29-02-FD-D4">
      <ModulePath>C:\WINDOWS\Microsoft.Net\assembly\GAC_MSIL\System.Reflection\v4.0_4.0.0.0__b03f5f7f11d50a3a\System.Reflection.dll</ModulePath>
      <ModuleTime>2019-03-19T04:46:46.2574461Z</ModuleTime>
      <ModuleName>System.Reflection</ModuleName>
      <Classes />
    </Module>
    <Module skippedDueTo="Filter" hash="B3-E1-E0-92-90-CA-F1-C9-7D-67-DC-5C-1A-5F-3F-CE-4C-2D-AA-51">
      <ModulePath>C:\WINDOWS\Microsoft.Net\assembly\GAC_MSIL\System.IO.FileSystem\v4.0_4.0.0.0__b03f5f7f11d50a3a\System.IO.FileSystem.dll</ModulePath>
      <ModuleTime>2019-03-19T04:46:46.1324363Z</ModuleTime>
      <ModuleName>System.IO.FileSystem</ModuleName>
      <Classes />
    </Module>
    <Module skippedDueTo="Filter" hash="C2-D7-1B-A6-4C-D5-DA-FC-65-E0-0D-3A-BC-F8-17-FA-73-2E-39-75">
      <ModulePath>C:\WINDOWS\Microsoft.Net\assembly\GAC_MSIL\System.IO.MemoryMappedFiles\v4.0_4.0.0.0__b03f5f7f11d50a3a\System.IO.MemoryMappedFiles.dll</ModulePath>
      <ModuleTime>2019-03-19T04:46:43.4915981Z</ModuleTime>
      <ModuleName>System.IO.MemoryMappedFiles</ModuleName>
      <Classes />
    </Module>
    <Module skippedDueTo="Filter" hash="45-3A-42-7D-59-CB-93-E4-06-9F-E3-53-AC-C8-EA-91-10-76-F7-8C">
      <ModulePath>C:\WINDOWS\Microsoft.Net\assembly\GAC_MSIL\System.Runtime.Handles\v4.0_4.0.0.0__b03f5f7f11d50a3a\System.Runtime.Handles.dll</ModulePath>
      <ModuleTime>2019-03-19T04:46:49.2576812Z</ModuleTime>
      <ModuleName>System.Runtime.Handles</ModuleName>
      <Classes />
    </Module>
    <Module skippedDueTo="Filter" hash="B6-B2-11-8F-EA-B9-BB-9E-7D-7C-E9-04-5B-F8-39-BD-A8-FA-75-10">
      <ModulePath>C:\WINDOWS\Microsoft.Net\assembly\GAC_MSIL\System.Reflection.Extensions\v4.0_4.0.0.0__b03f5f7f11d50a3a\System.Reflection.Extensions.dll</ModulePath>
      <ModuleTime>2019-03-19T04:46:49.5702057Z</ModuleTime>
      <ModuleName>System.Reflection.Extensions</ModuleName>
      <Classes />
    </Module>
    <Module skippedDueTo="Filter" hash="43-84-A9-4D-DA-18-79-E3-5E-C5-FB-7D-C4-EE-65-A9-50-0C-FF-42">
      <ModulePath>C:\WINDOWS\Microsoft.Net\assembly\GAC_MSIL\System.Threading\v4.0_4.0.0.0__b03f5f7f11d50a3a\System.Threading.dll</ModulePath>
      <ModuleTime>2019-03-19T04:46:43.6634862Z</ModuleTime>
      <ModuleName>System.Threading</ModuleName>
      <Classes />
    </Module>
    <Module skippedDueTo="Filter" hash="3B-8E-06-5D-EA-A5-19-7B-D9-FF-5C-A2-42-AD-AF-F1-24-2C-0F-03">
      <ModulePath>C:\WINDOWS\Microsoft.Net\assembly\GAC_MSIL\System.Text.Encoding\v4.0_4.0.0.0__b03f5f7f11d50a3a\System.Text.Encoding.dll</ModulePath>
      <ModuleTime>2019-03-19T04:46:51.77351Z</ModuleTime>
      <ModuleName>System.Text.Encoding</ModuleName>
      <Classes />
    </Module>
    <Module skippedDueTo="Filter" hash="36-CB-E0-91-BC-72-44-C0-EA-DC-A7-89-73-30-E5-B8-18-B9-B8-2A">
      <ModulePath>C:\WINDOWS\Microsoft.Net\assembly\GAC_MSIL\System.Runtime.Extensions\v4.0_4.0.0.0__b03f5f7f11d50a3a\System.Runtime.Extensions.dll</ModulePath>
      <ModuleTime>2019-03-19T04:46:49.1170451Z</ModuleTime>
      <ModuleName>System.Runtime.Extensions</ModuleName>
      <Classes />
    </Module>
    <Module skippedDueTo="Filter" hash="02-33-0F-F4-0B-AF-AB-CF-8D-5E-27-43-17-FD-FD-32-94-84-CA-8D">
      <ModulePath>C:\WINDOWS\Microsoft.Net\assembly\GAC_MSIL\System.Runtime.InteropServices\v4.0_4.0.0.0__b03f5f7f11d50a3a\System.Runtime.InteropServices.dll</ModulePath>
      <ModuleTime>2019-03-19T04:46:43.9291347Z</ModuleTime>
      <ModuleName>System.Runtime.InteropServices</ModuleName>
      <Classes />
    </Module>
    <Module skippedDueTo="Filter" hash="E2-B3-32-E0-96-16-38-85-B2-19-C2-93-02-60-EA-8C-F7-8D-DA-DF">
      <ModulePath>C:\WINDOWS\Microsoft.Net\assembly\GAC_MSIL\System.Text.Encoding.Extensions\v4.0_4.0.0.0__b03f5f7f11d50a3a\System.Text.Encoding.Extensions.dll</ModulePath>
      <ModuleTime>2019-03-19T04:46:48.9295305Z</ModuleTime>
      <ModuleName>System.Text.Encoding.Extensions</ModuleName>
      <Classes />
    </Module>
    <Module skippedDueTo="Filter" hash="A2-22-F7-82-BC-8A-6E-85-46-61-44-14-0D-80-69-1C-E9-CB-11-42">
      <ModulePath>C:\Program Files (x86)\Microsoft Visual Studio\2019\Community\Common7\IDE\Extensions\TestPlatform\Microsoft.VisualStudio.TestPlatform.Fakes.dll</ModulePath>
      <ModuleTime>2019-06-08T12:06:20.0978707Z</ModuleTime>
      <ModuleName>Microsoft.VisualStudio.TestPlatform.Fakes</ModuleName>
      <Classes />
    </Module>
    <Module skippedDueTo="Filter" hash="03-59-45-DB-D6-03-F8-14-A3-94-5F-C9-F6-0E-26-65-D0-5D-DB-B9">
      <ModulePath>C:\Program Files (x86)\Microsoft Visual Studio\2019\Community\Common7\IDE\Extensions\TestPlatform\Microsoft.TestPlatform.CommunicationUtilities.dll</ModulePath>
      <ModuleTime>2019-06-08T12:06:20.0978707Z</ModuleTime>
      <ModuleName>Microsoft.TestPlatform.CommunicationUtilities</ModuleName>
      <Classes />
    </Module>
    <Module skippedDueTo="Filter" hash="6B-0D-A7-56-17-A2-26-94-93-DC-1A-68-5D-7A-0B-07-F2-E4-8C-75">
      <ModulePath>C:\Program Files (x86)\Microsoft Visual Studio\2019\Community\Common7\IDE\Extensions\TestPlatform\Newtonsoft.Json.dll</ModulePath>
      <ModuleTime>2019-06-08T12:06:20.0978707Z</ModuleTime>
      <ModuleName>Newtonsoft.Json</ModuleName>
      <Classes />
    </Module>
    <Module skippedDueTo="Filter" hash="7A-22-C4-DF-09-CF-5F-85-54-B8-2D-1B-1D-F5-E1-65-22-75-14-A9">
      <ModulePath>G:\Prog-Projects\ABWorld\ABSoftware\Libraries\ABSoftware.ABSave\ABSoftware.ABSave.Tests.UnitTests\bin\Debug\Microsoft.VisualStudio.TestPlatform.MSTest.TestAdapter.dll</ModulePath>
      <ModuleTime>2017-05-30T23:27:40Z</ModuleTime>
      <ModuleName>Microsoft.VisualStudio.TestPlatform.MSTest.TestAdapter</ModuleName>
      <Classes />
    </Module>
    <Module skippedDueTo="Filter" hash="2B-ED-0E-40-91-99-D0-8C-B7-E9-3A-48-56-F8-91-96-C1-79-83-2F">
      <ModulePath>G:\Prog-Projects\ABWorld\ABSoftware\Libraries\ABSoftware.ABSave\ABSoftware.ABSave.Tests.UnitTests\bin\Debug\Microsoft.VisualStudio.TestPlatform.MSTestAdapter.PlatformServices.Interface.dll</ModulePath>
      <ModuleTime>2017-05-30T23:27:40Z</ModuleTime>
      <ModuleName>Microsoft.VisualStudio.TestPlatform.MSTestAdapter.PlatformServices.Interface</ModuleName>
      <Classes />
    </Module>
    <Module skippedDueTo="Filter" hash="87-DA-5F-3F-9A-B5-55-96-1D-EA-8B-0B-45-BD-93-F3-9E-1E-8A-0B">
      <ModulePath>G:\Prog-Projects\ABWorld\ABSoftware\Libraries\ABSoftware.ABSave\ABSoftware.ABSave.Tests.UnitTests\bin\Debug\Microsoft.VisualStudio.TestPlatform.MSTestAdapter.PlatformServices.dll</ModulePath>
      <ModuleTime>2017-05-30T23:27:40Z</ModuleTime>
      <ModuleName>Microsoft.VisualStudio.TestPlatform.MSTestAdapter.PlatformServices</ModuleName>
      <Classes />
    </Module>
    <Module skippedDueTo="Filter" hash="EA-2B-48-07-AD-84-F8-A6-99-87-6B-C9-88-A8-5F-B3-D3-7A-EC-CD">
      <ModulePath>G:\Prog-Projects\ABWorld\ABSoftware\Libraries\ABSoftware.ABSave\ABSoftware.ABSave.Tests.UnitTests\bin\Debug\Microsoft.VisualStudio.TestPlatform.TestFramework.dll</ModulePath>
      <ModuleTime>2017-05-30T23:27:42Z</ModuleTime>
      <ModuleName>Microsoft.VisualStudio.TestPlatform.TestFramework</ModuleName>
      <Classes />
    </Module>
    <Module skippedDueTo="Filter" hash="9E-6C-4A-36-88-8D-1C-44-78-6A-3C-97-41-D6-9A-67-B4-EC-14-98">
      <ModulePath>C:\WINDOWS\Microsoft.Net\assembly\GAC_MSIL\System.ComponentModel.Composition\v4.0_4.0.0.0__b77a5c561934e089\System.ComponentModel.Composition.dll</ModulePath>
      <ModuleTime>2019-03-19T04:46:46.1480625Z</ModuleTime>
      <ModuleName>System.ComponentModel.Composition</ModuleName>
      <Classes />
    </Module>
    <Module skippedDueTo="Filter" hash="18-29-AA-5D-B4-DD-C0-B9-1E-80-CD-35-A7-6F-55-3C-B2-F9-05-C0">
      <ModulePath>C:\WINDOWS\Microsoft.Net\assembly\GAC_MSIL\System.Collections\v4.0_4.0.0.0__b03f5f7f11d50a3a\System.Collections.dll</ModulePath>
      <ModuleTime>2019-03-19T04:46:46.0230527Z</ModuleTime>
      <ModuleName>System.Collections</ModuleName>
      <Classes />
    </Module>
    <Module skippedDueTo="Filter" hash="4D-04-FF-1F-48-91-96-EC-60-7A-BF-2D-AB-98-3C-99-36-19-C8-02">
      <ModulePath>C:\WINDOWS\Microsoft.Net\assembly\GAC_MSIL\System.Linq\v4.0_4.0.0.0__b03f5f7f11d50a3a\System.Linq.dll</ModulePath>
      <ModuleTime>2019-03-19T04:46:46.5855968Z</ModuleTime>
      <ModuleName>System.Linq</ModuleName>
      <Classes />
    </Module>
    <Module skippedDueTo="Filter" hash="BE-25-4C-27-E5-7D-1B-BD-AD-4A-F8-3C-D6-09-78-42-8E-2E-D0-95">
      <ModulePath>C:\WINDOWS\Microsoft.Net\assembly\GAC_MSIL\System.Xml.ReaderWriter\v4.0_4.0.0.0__b03f5f7f11d50a3a\System.Xml.ReaderWriter.dll</ModulePath>
      <ModuleTime>2019-03-19T04:46:43.585355Z</ModuleTime>
      <ModuleName>System.Xml.ReaderWriter</ModuleName>
      <Classes />
    </Module>
    <Module skippedDueTo="Filter" hash="23-53-17-00-D2-D4-3D-8D-E0-AC-D6-7A-84-2D-85-65-3E-6F-31-5E">
      <ModulePath>C:\WINDOWS\Microsoft.Net\assembly\GAC_MSIL\System.Globalization\v4.0_4.0.0.0__b03f5f7f11d50a3a\System.Globalization.dll</ModulePath>
      <ModuleTime>2019-03-19T04:46:46.601223Z</ModuleTime>
      <ModuleName>System.Globalization</ModuleName>
      <Classes />
    </Module>
    <Module skippedDueTo="Filter" hash="39-43-10-AA-92-03-88-E3-BD-CC-29-9F-B5-06-1B-C2-D5-5F-67-6A">
      <ModulePath>G:\Prog-Projects\ABWorld\ABSoftware\Libraries\ABSoftware.ABSave\ABSoftware.ABSave.Tests.UnitTests\bin\Debug\ABSoftware.ABSave.Tests.UnitTests.dll</ModulePath>
      <ModuleTime>2019-07-14T21:03:52.9017387Z</ModuleTime>
      <ModuleName>ABSoftware.ABSave.Tests.UnitTests</ModuleName>
      <Classes />
    </Module>
    <Module skippedDueTo="Filter" hash="0D-5D-97-72-83-71-7E-38-04-5B-09-7F-4A-00-D8-E1-22-BE-E7-18">
      <ModulePath>C:\Program Files (x86)\Microsoft Visual Studio\2019\Community\Common7\IDE\CommonExtensions\Microsoft\TestWindow\Microsoft.VisualStudio.TestPlatform.ObjectModel.dll</ModulePath>
      <ModuleTime>2019-06-08T12:06:20.0978707Z</ModuleTime>
      <ModuleName>Microsoft.VisualStudio.TestPlatform.ObjectModel</ModuleName>
      <Classes />
    </Module>
    <Module skippedDueTo="Filter" hash="6F-0D-72-50-01-9F-5A-13-E7-FF-65-AC-14-11-3D-9F-BE-89-EF-98">
      <ModulePath>C:\Program Files (x86)\Microsoft Visual Studio\2019\Community\Common7\IDE\CommonExtensions\Microsoft\TestWindow\Microsoft.TestPlatform.CoreUtilities.dll</ModulePath>
      <ModuleTime>2019-06-08T12:06:20.0978707Z</ModuleTime>
      <ModuleName>Microsoft.TestPlatform.CoreUtilities</ModuleName>
      <Classes />
    </Module>
    <Module skippedDueTo="Filter" hash="78-48-B3-ED-98-CA-53-77-25-59-22-75-FD-AE-7B-A1-C9-5D-C5-78">
      <ModulePath>C:\WINDOWS\Microsoft.Net\assembly\GAC_MSIL\System.Threading.Tasks\v4.0_4.0.0.0__b03f5f7f11d50a3a\System.Threading.Tasks.dll</ModulePath>
      <ModuleTime>2019-03-19T04:46:43.6009813Z</ModuleTime>
      <ModuleName>System.Threading.Tasks</ModuleName>
      <Classes />
    </Module>
    <Module skippedDueTo="Filter" hash="77-E6-AF-B5-02-AD-FC-0A-34-E4-F5-3F-3B-35-3B-E3-D6-37-57-C8">
      <ModulePath>G:\Prog-Projects\ABWorld\ABSoftware\Libraries\ABSoftware.ABSave\ABSoftware.ABSave.Tests.UnitTests\bin\Debug\Microsoft.VisualStudio.TestPlatform.TestFramework.Extensions.dll</ModulePath>
      <ModuleTime>2017-05-30T23:27:42Z</ModuleTime>
      <ModuleName>Microsoft.VisualStudio.TestPlatform.TestFramework.Extensions</ModuleName>
      <Classes />
    </Module>
    <Module skippedDueTo="Filter" hash="F4-9F-50-FF-92-BA-A0-9D-6C-B7-73-F1-F1-60-D8-0A-E2-B7-96-DA">
      <ModulePath>C:\WINDOWS\Microsoft.Net\assembly\GAC_MSIL\System.Runtime.Serialization\v4.0_4.0.0.0__b77a5c561934e089\System.Runtime.Serialization.dll</ModulePath>
      <ModuleTime>2019-06-01T02:36:06Z</ModuleTime>
      <ModuleName>System.Runtime.Serialization</ModuleName>
      <Classes />
    </Module>
    <Module hash="17-3D-27-E4-22-E1-55-6A-7B-22-68-B2-6A-86-12-A5-61-B4-EE-ED">
      <Summary numSequencePoints="1004" visitedSequencePoints="506" numBranchPoints="761" visitedBranchPoints="383" sequenceCoverage="50.40" branchCoverage="50.33" maxCyclomaticComplexity="53" minCyclomaticComplexity="0" maxCrapScore="420" minCrapScore="0" visitedClasses="9" numClasses="23" visitedMethods="53" numMethods="113" />
      <ModulePath>G:\Prog-Projects\ABWorld\ABSoftware\Libraries\ABSoftware.ABSave\ABSoftware.ABSave.Tests.UnitTests\bin\Debug\ABSoftware.ABSave.dll</ModulePath>
      <ModuleTime>2019-07-14T20:48:34.5769767Z</ModuleTime>
      <ModuleName>ABSoftware.ABSave</ModuleName>
      <Files>
        <File uid="1" fullPath="G:\Prog-Projects\ABWorld\ABSoftware\Libraries\ABSoftware.ABSave\ABSoftware.ABSave\ABSaveConvert.cs" />
        <File uid="2" fullPath="G:\Prog-Projects\ABWorld\ABSoftware\Libraries\ABSoftware.ABSave\ABSoftware.ABSave\ABSaveSettings.cs" />
        <File uid="3" fullPath="G:\Prog-Projects\ABWorld\ABSoftware\Libraries\ABSoftware.ABSave\ABSoftware.ABSave\ABSaveUtils.cs" />
        <File uid="4" fullPath="G:\Prog-Projects\ABWorld\ABSoftware\Libraries\ABSoftware.ABSave\ABSoftware.ABSave\Serialization\ABSaveSerializer.cs" />
        <File uid="5" fullPath="G:\Prog-Projects\ABWorld\ABSoftware\Libraries\ABSoftware.ABSave\ABSoftware.ABSave\Serialization\ABSaveWriter.cs" />
        <File uid="6" fullPath="G:\Prog-Projects\ABWorld\ABSoftware\Libraries\ABSoftware.ABSave\ABSoftware.ABSave\Helpers\ABSaveIdentifiedType.cs" />
        <File uid="7" fullPath="G:\Prog-Projects\ABWorld\ABSoftware\Libraries\ABSoftware.ABSave\ABSoftware.ABSave\Helpers\ABSaveParserItem.cs" />
        <File uid="8" fullPath="G:\Prog-Projects\ABWorld\ABSoftware\Libraries\ABSoftware.ABSave\ABSoftware.ABSave\Helpers\ABSaveObjectItems.cs" />
        <File uid="9" fullPath="G:\Prog-Projects\ABWorld\ABSoftware\Libraries\ABSoftware.ABSave\ABSoftware.ABSave\Helpers\ABSaveObjectItem.cs" />
        <File uid="10" fullPath="G:\Prog-Projects\ABWorld\ABSoftware\Libraries\ABSoftware.ABSave\ABSoftware.ABSave\Helpers\ValueTypePair.cs" />
        <File uid="11" fullPath="G:\Prog-Projects\ABWorld\ABSoftware\Libraries\ABSoftware.ABSave\ABSoftware.ABSave\Exceptions\InvalidABSaveTypeWhenSerializing.cs" />
        <File uid="12" fullPath="G:\Prog-Projects\ABWorld\ABSoftware\Libraries\ABSoftware.ABSave\ABSoftware.ABSave\Exceptions\InvalidConstructorsWhenCreatingObject.cs" />
        <File uid="13" fullPath="G:\Prog-Projects\ABWorld\ABSoftware\Libraries\ABSoftware.ABSave\ABSoftware.ABSave\Exceptions\InvalidHeaderWhenParsing.cs" />
        <File uid="14" fullPath="G:\Prog-Projects\ABWorld\ABSoftware\Libraries\ABSoftware.ABSave\ABSoftware.ABSave\Exceptions\InvalidValueInABSaveWhenParsing.cs" />
        <File uid="15" fullPath="G:\Prog-Projects\ABWorld\ABSoftware\Libraries\ABSoftware.ABSave\ABSoftware.ABSave\Exceptions\MissingNameToValueWhenParsing.cs" />
        <File uid="16" fullPath="G:\Prog-Projects\ABWorld\ABSoftware\Libraries\ABSoftware.ABSave\ABSoftware.ABSave\Exceptions\MoreNextItemTokensThanItems.cs" />
        <File uid="17" fullPath="G:\Prog-Projects\ABWorld\ABSoftware\Libraries\ABSoftware.ABSave\ABSoftware.ABSave\Exceptions\TooManyConstructorsWithDifferentCase.cs" />
        <File uid="18" fullPath="G:\Prog-Projects\ABWorld\ABSoftware\Libraries\ABSoftware.ABSave\ABSoftware.ABSave\Exceptions\UnexpectedTokenWhenParsing.cs" />
        <File uid="19" fullPath="G:\Prog-Projects\ABWorld\ABSoftware\Libraries\ABSoftware.ABSave\ABSoftware.ABSave\Exceptions\Base\ABSaveErrorHandler.cs" />
        <File uid="22" fullPath="G:\Prog-Projects\ABWorld\ABSoftware\Libraries\ABSoftware.ABSave\ABSoftware.ABSave\Deserialization\ABSaveDeserializer.cs" />
        <File uid="23" fullPath="G:\Prog-Projects\ABWorld\ABSoftware\Libraries\ABSoftware.ABSave\ABSoftware.ABSave\Deserialization\ABSaveParser.cs" />
      </Files>
      <Classes>
        <Class>
          <Summary numSequencePoints="0" visitedSequencePoints="0" numBranchPoints="0" visitedBranchPoints="0" sequenceCoverage="0" branchCoverage="0" maxCyclomaticComplexity="0" minCyclomaticComplexity="0" maxCrapScore="0" minCrapScore="0" visitedClasses="0" numClasses="0" visitedMethods="0" numMethods="0" />
          <FullName>&lt;Module&gt;</FullName>
          <Methods />
        </Class>
        <Class skippedDueTo="Delegate">
          <FullName>&lt;&gt;A{00000380}`11</FullName>
          <Methods />
        </Class>
        <Class skippedDueTo="Delegate">
          <FullName>&lt;&gt;F{00000020}`11</FullName>
          <Methods />
        </Class>
        <Class skippedDueTo="Delegate">
          <FullName>&lt;&gt;F{00000060}`9</FullName>
          <Methods />
        </Class>
        <Class>
          <Summary numSequencePoints="41" visitedSequencePoints="31" numBranchPoints="27" visitedBranchPoints="22" sequenceCoverage="75.61" branchCoverage="81.48" maxCyclomaticComplexity="18" minCyclomaticComplexity="1" maxCrapScore="19.36" minCrapScore="1" visitedClasses="1" numClasses="1" visitedMethods="2" numMethods="3" />
          <FullName>ABSoftware.ABSave.ABSaveConvert</FullName>
          <Methods>
            <Method visited="true" cyclomaticComplexity="1" nPathComplexity="0" sequenceCoverage="100" branchCoverage="100" crapScore="1" isConstructor="false" isStatic="true" isGetter="false" isSetter="false">
              <Summary numSequencePoints="5" visitedSequencePoints="5" numBranchPoints="1" visitedBranchPoints="1" sequenceCoverage="100" branchCoverage="100" maxCyclomaticComplexity="1" minCyclomaticComplexity="1" maxCrapScore="1" minCrapScore="1" visitedClasses="0" numClasses="0" visitedMethods="1" numMethods="1" />
              <MetadataToken>100663303</MetadataToken>
              <Name>System.String ABSoftware.ABSave.ABSaveConvert::SerializeABSave(System.Object,ABSoftware.ABSave.ABSaveType,ABSoftware.ABSave.ABSaveSettings,System.Boolean)</Name>
              <FileRef uid="1" />
              <SequencePoints>
                <SequencePoint vc="6" uspid="1" ordinal="0" offset="0" sl="36" sc="9" el="36" ec="10" bec="0" bev="0" fileid="1" />
                <SequencePoint vc="6" uspid="2" ordinal="1" offset="1" sl="37" sc="13" el="37" ec="43" bec="0" bev="0" fileid="1" />
                <SequencePoint vc="6" uspid="3" ordinal="2" offset="7" sl="48" sc="13" el="48" ec="83" bec="0" bev="0" fileid="1" />
                <SequencePoint vc="6" uspid="4" ordinal="3" offset="18" sl="49" sc="13" el="49" ec="35" bec="0" bev="0" fileid="1" />
                <SequencePoint vc="6" uspid="5" ordinal="4" offset="27" sl="50" sc="9" el="50" ec="10" bec="0" bev="0" fileid="1" />
              </SequencePoints>
              <BranchPoints />
              <MethodPoint xsi:type="SequencePoint" vc="6" uspid="1" ordinal="0" offset="0" sl="36" sc="9" el="36" ec="10" bec="0" bev="0" fileid="1" />
            </Method>
            <Method visited="true" cyclomaticComplexity="18" nPathComplexity="4096" sequenceCoverage="83.87" branchCoverage="84" crapScore="19.36" isConstructor="false" isStatic="true" isGetter="false" isSetter="false">
              <Summary numSequencePoints="31" visitedSequencePoints="26" numBranchPoints="25" visitedBranchPoints="21" sequenceCoverage="83.87" branchCoverage="84" maxCyclomaticComplexity="18" minCyclomaticComplexity="18" maxCrapScore="19.36" minCrapScore="19.36" visitedClasses="0" numClasses="0" visitedMethods="1" numMethods="1" />
              <MetadataToken>100663304</MetadataToken>
              <Name>System.Void ABSoftware.ABSave.ABSaveConvert::SerializeABSaveToStringBuilder(System.Object,ABSoftware.ABSave.ABSaveType,System.Text.StringBuilder,ABSoftware.ABSave.ABSaveSettings,System.Boolean)</Name>
              <FileRef uid="1" />
              <SequencePoints>
                <SequencePoint vc="38" uspid="6" ordinal="0" offset="0" sl="61" sc="9" el="61" ec="10" bec="0" bev="0" fileid="1" />
                <SequencePoint vc="38" uspid="7" ordinal="1" offset="1" sl="63" sc="13" el="63" ec="42" bec="2" bev="1" fileid="1" />
                <SequencePoint vc="0" uspid="8" ordinal="2" offset="9" sl="64" sc="13" el="64" ec="14" bec="0" bev="0" fileid="1" />
                <SequencePoint vc="0" uspid="9" ordinal="3" offset="10" sl="65" sc="17" el="65" ec="66" bec="0" bev="0" fileid="1" />
                <SequencePoint vc="0" uspid="10" ordinal="4" offset="22" sl="66" sc="17" el="66" ec="24" bec="0" bev="0" fileid="1" />
                <SequencePoint vc="38" uspid="11" ordinal="5" offset="27" sl="70" sc="13" el="70" ec="29" bec="2" bev="1" fileid="1" />
                <SequencePoint vc="0" uspid="12" ordinal="6" offset="37" sl="71" sc="17" el="71" ec="24" bec="0" bev="0" fileid="1" />
                <SequencePoint vc="38" uspid="13" ordinal="7" offset="42" sl="74" sc="13" el="74" ec="77" bec="0" bev="0" fileid="1" />
                <SequencePoint vc="38" uspid="14" ordinal="8" offset="49" sl="77" sc="13" el="77" ec="29" bec="2" bev="2" fileid="1" />
                <SequencePoint vc="5" uspid="15" ordinal="9" offset="57" sl="78" sc="13" el="78" ec="14" bec="0" bev="0" fileid="1" />
                <SequencePoint vc="5" uspid="16" ordinal="10" offset="58" sl="80" sc="17" el="80" ec="129" bec="6" bev="5" fileid="1" />
                <SequencePoint vc="5" uspid="17" ordinal="11" offset="93" sl="83" sc="17" el="83" ec="41" bec="2" bev="1" fileid="1" />
                <SequencePoint vc="0" uspid="18" ordinal="12" offset="105" sl="84" sc="21" el="84" ec="49" bec="0" bev="0" fileid="1" />
                <SequencePoint vc="5" uspid="19" ordinal="13" offset="118" sl="87" sc="17" el="87" ec="37" bec="0" bev="0" fileid="1" />
                <SequencePoint vc="5" uspid="20" ordinal="14" offset="126" sl="88" sc="13" el="88" ec="14" bec="0" bev="0" fileid="1" />
                <SequencePoint vc="38" uspid="21" ordinal="15" offset="127" sl="91" sc="13" el="91" ec="34" bec="0" bev="0" fileid="1" />
                <SequencePoint vc="38" uspid="22" ordinal="16" offset="129" sl="94" sc="13" el="94" ec="56" bec="0" bev="0" fileid="1" />
                <SequencePoint vc="38" uspid="23" ordinal="17" offset="131" sl="97" sc="18" el="97" ec="27" bec="0" bev="0" fileid="1" />
                <SequencePoint vc="119" uspid="24" ordinal="18" offset="139" sl="98" sc="13" el="98" ec="14" bec="0" bev="0" fileid="1" />
                <SequencePoint vc="119" uspid="25" ordinal="19" offset="140" sl="100" sc="17" el="100" ec="50" bec="2" bev="2" fileid="1" />
                <SequencePoint vc="17" uspid="26" ordinal="20" offset="150" sl="101" sc="17" el="101" ec="18" bec="0" bev="0" fileid="1" />
                <SequencePoint vc="17" uspid="27" ordinal="21" offset="151" sl="103" sc="21" el="103" ec="156" bec="2" bev="2" fileid="1" />
                <SequencePoint vc="17" uspid="28" ordinal="22" offset="194" sl="106" sc="21" el="106" ec="37" bec="0" bev="0" fileid="1" />
                <SequencePoint vc="17" uspid="29" ordinal="23" offset="196" sl="107" sc="17" el="107" ec="18" bec="0" bev="0" fileid="1" />
                <SequencePoint vc="119" uspid="30" ordinal="24" offset="197" sl="111" sc="17" el="111" ec="204" bec="2" bev="2" fileid="1" />
                <SequencePoint vc="119" uspid="31" ordinal="25" offset="251" sl="114" sc="17" el="114" ec="31" bec="2" bev="2" fileid="1" />
                <SequencePoint vc="28" uspid="32" ordinal="26" offset="261" sl="115" sc="21" el="115" ec="37" bec="0" bev="0" fileid="1" />
                <SequencePoint vc="119" uspid="33" ordinal="27" offset="263" sl="116" sc="13" el="116" ec="14" bec="0" bev="0" fileid="1" />
                <SequencePoint vc="119" uspid="34" ordinal="28" offset="264" sl="97" sc="48" el="97" ec="51" bec="0" bev="0" fileid="1" />
                <SequencePoint vc="157" uspid="35" ordinal="29" offset="270" sl="97" sc="29" el="97" ec="46" bec="2" bev="2" fileid="1" />
                <SequencePoint vc="38" uspid="36" ordinal="30" offset="289" sl="117" sc="9" el="117" ec="10" bec="0" bev="0" fileid="1" />
              </SequencePoints>
              <BranchPoints>
                <BranchPoint vc="0" uspid="37" ordinal="0" offset="7" sl="63" path="0" offsetend="9" fileid="1" />
                <BranchPoint vc="38" uspid="38" ordinal="1" offset="7" sl="63" path="1" offsetend="27" fileid="1" />
                <BranchPoint vc="0" uspid="39" ordinal="2" offset="35" sl="70" path="0" offsetchain="37" offsetend="289" fileid="1" />
                <BranchPoint vc="38" uspid="40" ordinal="3" offset="35" sl="70" path="1" offsetend="42" fileid="1" />
                <BranchPoint vc="5" uspid="41" ordinal="4" offset="55" sl="77" path="0" offsetend="57" fileid="1" />
                <BranchPoint vc="33" uspid="42" ordinal="5" offset="55" sl="77" path="1" offsetend="127" fileid="1" />
                <BranchPoint vc="1" uspid="43" ordinal="6" offset="65" sl="80" path="0" offsetend="67" fileid="1" />
                <BranchPoint vc="4" uspid="44" ordinal="7" offset="65" sl="80" path="1" offsetend="78" fileid="1" />
                <BranchPoint vc="1" uspid="45" ordinal="8" offset="68" sl="80" path="0" offsetend="70" fileid="1" />
                <BranchPoint vc="0" uspid="46" ordinal="9" offset="68" sl="80" path="1" offsetend="74" fileid="1" />
                <BranchPoint vc="2" uspid="47" ordinal="10" offset="79" sl="80" path="0" offsetend="81" fileid="1" />
                <BranchPoint vc="2" uspid="48" ordinal="11" offset="79" sl="80" path="1" offsetend="85" fileid="1" />
                <BranchPoint vc="0" uspid="49" ordinal="12" offset="103" sl="83" path="0" offsetend="105" fileid="1" />
                <BranchPoint vc="5" uspid="50" ordinal="13" offset="103" sl="83" path="1" offsetend="118" fileid="1" />
                <BranchPoint vc="17" uspid="51" ordinal="14" offset="148" sl="100" path="0" offsetend="150" fileid="1" />
                <BranchPoint vc="102" uspid="52" ordinal="15" offset="148" sl="100" path="1" offsetend="197" fileid="1" />
                <BranchPoint vc="14" uspid="53" ordinal="16" offset="180" sl="103" path="0" offsetend="182" fileid="1" />
                <BranchPoint vc="3" uspid="54" ordinal="17" offset="180" sl="103" path="1" offsetend="185" fileid="1" />
                <BranchPoint vc="103" uspid="55" ordinal="18" offset="227" sl="111" path="0" offsetend="229" fileid="1" />
                <BranchPoint vc="16" uspid="56" ordinal="19" offset="227" sl="111" path="1" offsetend="232" fileid="1" />
                <BranchPoint vc="28" uspid="57" ordinal="20" offset="259" sl="114" path="0" offsetend="261" fileid="1" />
                <BranchPoint vc="91" uspid="58" ordinal="21" offset="259" sl="114" path="1" offsetend="263" fileid="1" />
                <BranchPoint vc="38" uspid="59" ordinal="22" offset="284" sl="97" path="0" offsetend="289" fileid="1" />
                <BranchPoint vc="119" uspid="60" ordinal="23" offset="284" sl="97" path="1" offsetend="139" fileid="1" />
              </BranchPoints>
              <MethodPoint xsi:type="SequencePoint" vc="38" uspid="6" ordinal="0" offset="0" sl="61" sc="9" el="61" ec="10" bec="0" bev="0" fileid="1" />
            </Method>
            <Method visited="false" cyclomaticComplexity="1" nPathComplexity="0" sequenceCoverage="0" branchCoverage="0" crapScore="2" isConstructor="false" isStatic="true" isGetter="false" isSetter="false">
              <Summary numSequencePoints="5" visitedSequencePoints="0" numBranchPoints="1" visitedBranchPoints="0" sequenceCoverage="0" branchCoverage="0" maxCyclomaticComplexity="1" minCyclomaticComplexity="1" maxCrapScore="2" minCrapScore="2" visitedClasses="0" numClasses="0" visitedMethods="0" numMethods="1" />
              <MetadataToken>100663305</MetadataToken>
              <Name>T ABSoftware.ABSave.ABSaveConvert::DeserializeABSave(System.String,ABSoftware.ABSave.ABSaveType,ABSoftware.ABSave.ABSaveSettings)</Name>
              <FileRef uid="1" />
              <SequencePoints>
                <SequencePoint vc="0" uspid="61" ordinal="0" offset="0" sl="128" sc="9" el="128" ec="10" bec="0" bev="0" fileid="1" />
                <SequencePoint vc="0" uspid="62" ordinal="1" offset="1" sl="130" sc="13" el="130" ec="66" bec="0" bev="0" fileid="1" />
                <SequencePoint vc="0" uspid="63" ordinal="2" offset="9" sl="133" sc="13" el="133" ec="31" bec="0" bev="0" fileid="1" />
                <SequencePoint vc="0" uspid="64" ordinal="3" offset="17" sl="136" sc="13" el="136" ec="34" bec="0" bev="0" fileid="1" />
                <SequencePoint vc="0" uspid="65" ordinal="4" offset="26" sl="137" sc="9" el="137" ec="10" bec="0" bev="0" fileid="1" />
              </SequencePoints>
              <BranchPoints />
              <MethodPoint xsi:type="SequencePoint" vc="0" uspid="61" ordinal="0" offset="0" sl="128" sc="9" el="128" ec="10" bec="0" bev="0" fileid="1" />
            </Method>
          </Methods>
        </Class>
        <Class>
          <Summary numSequencePoints="86" visitedSequencePoints="42" numBranchPoints="14" visitedBranchPoints="10" sequenceCoverage="48.84" branchCoverage="71.43" maxCyclomaticComplexity="3" minCyclomaticComplexity="1" maxCrapScore="3" minCrapScore="1" visitedClasses="1" numClasses="1" visitedMethods="6" numMethods="10" />
          <FullName>ABSoftware.ABSave.ABSaveSettings</FullName>
          <Methods>
            <Method skippedDueTo="AutoImplementedProperty" visited="false" cyclomaticComplexity="1" nPathComplexity="0" sequenceCoverage="0" branchCoverage="0" crapScore="0" isConstructor="false" isStatic="false" isGetter="true" isSetter="false">
              <MetadataToken>100663306</MetadataToken>
              <Name>System.Boolean ABSoftware.ABSave.ABSaveSettings::get_WithTypes()</Name>
              <FileRef uid="2" />
              <SequencePoints />
              <BranchPoints />
            </Method>
            <Method skippedDueTo="AutoImplementedProperty" visited="false" cyclomaticComplexity="1" nPathComplexity="0" sequenceCoverage="0" branchCoverage="0" crapScore="0" isConstructor="false" isStatic="false" isGetter="false" isSetter="true">
              <MetadataToken>100663307</MetadataToken>
              <Name>System.Void ABSoftware.ABSave.ABSaveSettings::set_WithTypes(System.Boolean)</Name>
              <FileRef uid="2" />
              <SequencePoints />
              <BranchPoints />
            </Method>
            <Method visited="true" cyclomaticComplexity="1" nPathComplexity="0" sequenceCoverage="100" branchCoverage="100" crapScore="1" isConstructor="false" isStatic="false" isGetter="true" isSetter="false">
              <Summary numSequencePoints="3" visitedSequencePoints="3" numBranchPoints="1" visitedBranchPoints="1" sequenceCoverage="100" branchCoverage="100" maxCyclomaticComplexity="1" minCyclomaticComplexity="1" maxCrapScore="1" minCrapScore="1" visitedClasses="0" numClasses="0" visitedMethods="1" numMethods="1" />
              <MetadataToken>100663308</MetadataToken>
              <Name>System.Boolean ABSoftware.ABSave.ABSaveSettings::get_RememberTypes()</Name>
              <FileRef uid="2" />
              <SequencePoints>
                <SequencePoint vc="35" uspid="66" ordinal="0" offset="0" sl="39" sc="17" el="39" ec="18" bec="0" bev="0" fileid="2" />
                <SequencePoint vc="35" uspid="67" ordinal="1" offset="1" sl="39" sc="19" el="39" ec="41" bec="0" bev="0" fileid="2" />
                <SequencePoint vc="35" uspid="68" ordinal="2" offset="10" sl="39" sc="42" el="39" ec="43" bec="0" bev="0" fileid="2" />
              </SequencePoints>
              <BranchPoints />
              <MethodPoint xsi:type="SequencePoint" vc="35" uspid="66" ordinal="0" offset="0" sl="39" sc="17" el="39" ec="18" bec="0" bev="0" fileid="2" />
            </Method>
            <Method visited="true" cyclomaticComplexity="1" nPathComplexity="0" sequenceCoverage="100" branchCoverage="100" crapScore="1" isConstructor="false" isStatic="false" isGetter="false" isSetter="true">
              <Summary numSequencePoints="4" visitedSequencePoints="4" numBranchPoints="1" visitedBranchPoints="1" sequenceCoverage="100" branchCoverage="100" maxCyclomaticComplexity="1" minCyclomaticComplexity="1" maxCrapScore="1" minCrapScore="1" visitedClasses="0" numClasses="0" visitedMethods="1" numMethods="1" />
              <MetadataToken>100663309</MetadataToken>
              <Name>System.Void ABSoftware.ABSave.ABSaveSettings::set_RememberTypes(System.Boolean)</Name>
              <FileRef uid="2" />
              <SequencePoints>
                <SequencePoint vc="1" uspid="69" ordinal="0" offset="0" sl="41" sc="13" el="41" ec="14" bec="0" bev="0" fileid="2" />
                <SequencePoint vc="1" uspid="70" ordinal="1" offset="1" sl="42" sc="17" el="42" ec="40" bec="0" bev="0" fileid="2" />
                <SequencePoint vc="1" uspid="71" ordinal="2" offset="8" sl="43" sc="17" el="43" ec="51" bec="0" bev="0" fileid="2" />
                <SequencePoint vc="1" uspid="72" ordinal="3" offset="15" sl="44" sc="13" el="44" ec="14" bec="0" bev="0" fileid="2" />
              </SequencePoints>
              <BranchPoints />
              <MethodPoint xsi:type="SequencePoint" vc="1" uspid="69" ordinal="0" offset="0" sl="41" sc="13" el="41" ec="14" bec="0" bev="0" fileid="2" />
            </Method>
            <Method skippedDueTo="AutoImplementedProperty" visited="false" cyclomaticComplexity="1" nPathComplexity="0" sequenceCoverage="0" branchCoverage="0" crapScore="0" isConstructor="false" isStatic="false" isGetter="true" isSetter="false">
              <MetadataToken>100663310</MetadataToken>
              <Name>System.Boolean ABSoftware.ABSave.ABSaveSettings::get_HasVersion()</Name>
              <FileRef uid="2" />
              <SequencePoints />
              <BranchPoints />
            </Method>
            <Method skippedDueTo="AutoImplementedProperty" visited="false" cyclomaticComplexity="1" nPathComplexity="0" sequenceCoverage="0" branchCoverage="0" crapScore="0" isConstructor="false" isStatic="false" isGetter="false" isSetter="true">
              <MetadataToken>100663311</MetadataToken>
              <Name>System.Void ABSoftware.ABSave.ABSaveSettings::set_HasVersion(System.Boolean)</Name>
              <FileRef uid="2" />
              <SequencePoints />
              <BranchPoints />
            </Method>
            <Method skippedDueTo="AutoImplementedProperty" visited="false" cyclomaticComplexity="1" nPathComplexity="0" sequenceCoverage="0" branchCoverage="0" crapScore="0" isConstructor="false" isStatic="false" isGetter="true" isSetter="false">
              <MetadataToken>100663312</MetadataToken>
              <Name>System.Int32 ABSoftware.ABSave.ABSaveSettings::get_Version()</Name>
              <FileRef uid="2" />
              <SequencePoints />
              <BranchPoints />
            </Method>
            <Method skippedDueTo="AutoImplementedProperty" visited="false" cyclomaticComplexity="1" nPathComplexity="0" sequenceCoverage="0" branchCoverage="0" crapScore="0" isConstructor="false" isStatic="false" isGetter="false" isSetter="true">
              <MetadataToken>100663313</MetadataToken>
              <Name>System.Void ABSoftware.ABSave.ABSaveSettings::set_Version(System.Int32)</Name>
              <FileRef uid="2" />
              <SequencePoints />
              <BranchPoints />
            </Method>
            <Method visited="true" cyclomaticComplexity="3" nPathComplexity="4" sequenceCoverage="100" branchCoverage="100" crapScore="3" isConstructor="false" isStatic="false" isGetter="false" isSetter="false">
              <Summary numSequencePoints="8" visitedSequencePoints="8" numBranchPoints="5" visitedBranchPoints="5" sequenceCoverage="100" branchCoverage="100" maxCyclomaticComplexity="3" minCyclomaticComplexity="3" maxCrapScore="3" minCrapScore="3" visitedClasses="0" numClasses="0" visitedMethods="1" numMethods="1" />
              <MetadataToken>100663314</MetadataToken>
              <Name>System.Char[] ABSoftware.ABSave.ABSaveSettings::SearchForIdentifiedType(System.Type)</Name>
              <FileRef uid="2" />
              <SequencePoints>
                <SequencePoint vc="35" uspid="73" ordinal="0" offset="0" sl="82" sc="9" el="82" ec="10" bec="0" bev="0" fileid="2" />
                <SequencePoint vc="35" uspid="74" ordinal="1" offset="1" sl="84" sc="18" el="84" ec="51" bec="0" bev="0" fileid="2" />
                <SequencePoint vc="44" uspid="75" ordinal="2" offset="12" sl="85" sc="17" el="85" ec="53" bec="2" bev="2" fileid="2" />
                <SequencePoint vc="20" uspid="76" ordinal="3" offset="39" sl="86" sc="21" el="86" ec="58" bec="0" bev="0" fileid="2" />
                <SequencePoint vc="24" uspid="77" ordinal="4" offset="59" sl="84" sc="61" el="84" ec="64" bec="0" bev="0" fileid="2" />
                <SequencePoint vc="59" uspid="78" ordinal="5" offset="63" sl="84" sc="53" el="84" ec="59" bec="2" bev="2" fileid="2" />
                <SequencePoint vc="15" uspid="79" ordinal="6" offset="74" sl="89" sc="13" el="89" ec="25" bec="0" bev="0" fileid="2" />
                <SequencePoint vc="35" uspid="80" ordinal="7" offset="78" sl="90" sc="9" el="90" ec="10" bec="0" bev="0" fileid="2" />
              </SequencePoints>
              <BranchPoints>
                <BranchPoint vc="20" uspid="81" ordinal="0" offset="37" sl="85" path="0" offsetend="39" fileid="2" />
                <BranchPoint vc="24" uspid="82" ordinal="1" offset="37" sl="85" path="1" offsetend="59" fileid="2" />
                <BranchPoint vc="15" uspid="83" ordinal="2" offset="72" sl="84" path="0" offsetend="74" fileid="2" />
                <BranchPoint vc="44" uspid="84" ordinal="3" offset="72" sl="84" path="1" offsetend="12" fileid="2" />
              </BranchPoints>
              <MethodPoint xsi:type="SequencePoint" vc="35" uspid="73" ordinal="0" offset="0" sl="82" sc="9" el="82" ec="10" bec="0" bev="0" fileid="2" />
            </Method>
            <Method visited="true" cyclomaticComplexity="1" nPathComplexity="0" sequenceCoverage="100" branchCoverage="100" crapScore="1" isConstructor="true" isStatic="false" isGetter="false" isSetter="false">
              <Summary numSequencePoints="11" visitedSequencePoints="11" numBranchPoints="1" visitedBranchPoints="1" sequenceCoverage="100" branchCoverage="100" maxCyclomaticComplexity="1" minCyclomaticComplexity="1" maxCrapScore="1" minCrapScore="1" visitedClasses="0" numClasses="0" visitedMethods="1" numMethods="1" />
              <MetadataToken>100663315</MetadataToken>
              <Name>System.Void ABSoftware.ABSave.ABSaveSettings::.ctor()</Name>
              <FileRef uid="2" />
              <SequencePoints>
                <SequencePoint vc="29" uspid="85" ordinal="0" offset="0" sl="19" sc="9" el="19" ec="44" bec="0" bev="0" fileid="2" />
                <SequencePoint vc="29" uspid="86" ordinal="1" offset="7" sl="27" sc="9" el="27" ec="77" bec="0" bev="0" fileid="2" />
                <SequencePoint vc="29" uspid="87" ordinal="2" offset="18" sl="32" sc="47" el="32" ec="51" bec="0" bev="0" fileid="2" />
                <SequencePoint vc="29" uspid="88" ordinal="3" offset="25" sl="50" sc="48" el="50" ec="53" bec="0" bev="0" fileid="2" />
                <SequencePoint vc="29" uspid="89" ordinal="4" offset="32" sl="55" sc="44" el="55" ec="45" bec="0" bev="0" fileid="2" />
                <SequencePoint vc="29" uspid="90" ordinal="5" offset="39" sl="64" sc="9" el="64" ec="56" bec="0" bev="0" fileid="2" />
                <SequencePoint vc="29" uspid="91" ordinal="6" offset="46" sl="69" sc="9" el="69" ec="96" bec="0" bev="0" fileid="2" />
                <SequencePoint vc="29" uspid="92" ordinal="7" offset="57" sl="74" sc="9" el="74" ec="50" bec="0" bev="0" fileid="2" />
                <SequencePoint vc="29" uspid="93" ordinal="8" offset="64" sl="98" sc="9" el="98" ec="32" bec="0" bev="0" fileid="2" />
                <SequencePoint vc="29" uspid="94" ordinal="9" offset="71" sl="98" sc="33" el="98" ec="34" bec="0" bev="0" fileid="2" />
                <SequencePoint vc="29" uspid="95" ordinal="10" offset="72" sl="98" sc="35" el="98" ec="36" bec="0" bev="0" fileid="2" />
              </SequencePoints>
              <BranchPoints />
              <MethodPoint xsi:type="SequencePoint" vc="29" uspid="85" ordinal="0" offset="0" sl="19" sc="9" el="19" ec="44" bec="0" bev="0" fileid="2" />
            </Method>
            <Method visited="true" cyclomaticComplexity="1" nPathComplexity="0" sequenceCoverage="100" branchCoverage="100" crapScore="1" isConstructor="true" isStatic="false" isGetter="false" isSetter="false">
              <Summary numSequencePoints="12" visitedSequencePoints="12" numBranchPoints="1" visitedBranchPoints="1" sequenceCoverage="100" branchCoverage="100" maxCyclomaticComplexity="1" minCyclomaticComplexity="1" maxCrapScore="1" minCrapScore="1" visitedClasses="0" numClasses="0" visitedMethods="1" numMethods="1" />
              <MetadataToken>100663316</MetadataToken>
              <Name>System.Void ABSoftware.ABSave.ABSaveSettings::.ctor(System.Boolean,System.Boolean)</Name>
              <FileRef uid="2" />
              <SequencePoints>
                <SequencePoint vc="1" uspid="96" ordinal="0" offset="0" sl="19" sc="9" el="19" ec="44" bec="0" bev="0" fileid="2" />
                <SequencePoint vc="1" uspid="97" ordinal="1" offset="7" sl="27" sc="9" el="27" ec="77" bec="0" bev="0" fileid="2" />
                <SequencePoint vc="1" uspid="98" ordinal="2" offset="18" sl="32" sc="47" el="32" ec="51" bec="0" bev="0" fileid="2" />
                <SequencePoint vc="1" uspid="99" ordinal="3" offset="25" sl="50" sc="48" el="50" ec="53" bec="0" bev="0" fileid="2" />
                <SequencePoint vc="1" uspid="100" ordinal="4" offset="32" sl="55" sc="44" el="55" ec="45" bec="0" bev="0" fileid="2" />
                <SequencePoint vc="1" uspid="101" ordinal="5" offset="39" sl="64" sc="9" el="64" ec="56" bec="0" bev="0" fileid="2" />
                <SequencePoint vc="1" uspid="102" ordinal="6" offset="46" sl="69" sc="9" el="69" ec="96" bec="0" bev="0" fileid="2" />
                <SequencePoint vc="1" uspid="103" ordinal="7" offset="57" sl="74" sc="9" el="74" ec="50" bec="0" bev="0" fileid="2" />
                <SequencePoint vc="1" uspid="104" ordinal="8" offset="64" sl="103" sc="9" el="103" ec="73" bec="0" bev="0" fileid="2" />
                <SequencePoint vc="1" uspid="105" ordinal="9" offset="71" sl="104" sc="9" el="104" ec="10" bec="0" bev="0" fileid="2" />
                <SequencePoint vc="1" uspid="106" ordinal="10" offset="72" sl="106" sc="13" el="106" ec="61" bec="0" bev="0" fileid="2" />
                <SequencePoint vc="1" uspid="107" ordinal="11" offset="81" sl="107" sc="9" el="107" ec="10" bec="0" bev="0" fileid="2" />
              </SequencePoints>
              <BranchPoints />
              <MethodPoint xsi:type="SequencePoint" vc="1" uspid="96" ordinal="0" offset="0" sl="19" sc="9" el="19" ec="44" bec="0" bev="0" fileid="2" />
            </Method>
            <Method visited="false" cyclomaticComplexity="1" nPathComplexity="0" sequenceCoverage="0" branchCoverage="0" crapScore="2" isConstructor="true" isStatic="false" isGetter="false" isSetter="false">
              <Summary numSequencePoints="13" visitedSequencePoints="0" numBranchPoints="1" visitedBranchPoints="0" sequenceCoverage="0" branchCoverage="0" maxCyclomaticComplexity="1" minCyclomaticComplexity="1" maxCrapScore="2" minCrapScore="2" visitedClasses="0" numClasses="0" visitedMethods="0" numMethods="1" />
              <MetadataToken>100663317</MetadataToken>
              <Name>System.Void ABSoftware.ABSave.ABSaveSettings::.ctor(System.Int32,System.Boolean,System.Boolean)</Name>
              <FileRef uid="2" />
              <SequencePoints>
                <SequencePoint vc="0" uspid="108" ordinal="0" offset="0" sl="19" sc="9" el="19" ec="44" bec="0" bev="0" fileid="2" />
                <SequencePoint vc="0" uspid="109" ordinal="1" offset="7" sl="27" sc="9" el="27" ec="77" bec="0" bev="0" fileid="2" />
                <SequencePoint vc="0" uspid="110" ordinal="2" offset="18" sl="32" sc="47" el="32" ec="51" bec="0" bev="0" fileid="2" />
                <SequencePoint vc="0" uspid="111" ordinal="3" offset="25" sl="50" sc="48" el="50" ec="53" bec="0" bev="0" fileid="2" />
                <SequencePoint vc="0" uspid="112" ordinal="4" offset="32" sl="55" sc="44" el="55" ec="45" bec="0" bev="0" fileid="2" />
                <SequencePoint vc="0" uspid="113" ordinal="5" offset="39" sl="64" sc="9" el="64" ec="56" bec="0" bev="0" fileid="2" />
                <SequencePoint vc="0" uspid="114" ordinal="6" offset="46" sl="69" sc="9" el="69" ec="96" bec="0" bev="0" fileid="2" />
                <SequencePoint vc="0" uspid="115" ordinal="7" offset="57" sl="74" sc="9" el="74" ec="50" bec="0" bev="0" fileid="2" />
                <SequencePoint vc="0" uspid="116" ordinal="8" offset="64" sl="112" sc="9" el="112" ec="86" bec="0" bev="0" fileid="2" />
                <SequencePoint vc="0" uspid="117" ordinal="9" offset="71" sl="113" sc="9" el="113" ec="10" bec="0" bev="0" fileid="2" />
                <SequencePoint vc="0" uspid="118" ordinal="10" offset="72" sl="115" sc="13" el="115" ec="61" bec="0" bev="0" fileid="2" />
                <SequencePoint vc="0" uspid="119" ordinal="11" offset="81" sl="116" sc="13" el="116" ec="40" bec="0" bev="0" fileid="2" />
                <SequencePoint vc="0" uspid="120" ordinal="12" offset="89" sl="117" sc="9" el="117" ec="10" bec="0" bev="0" fileid="2" />
              </SequencePoints>
              <BranchPoints />
              <MethodPoint xsi:type="SequencePoint" vc="0" uspid="108" ordinal="0" offset="0" sl="19" sc="9" el="19" ec="44" bec="0" bev="0" fileid="2" />
            </Method>
            <Method visited="false" cyclomaticComplexity="1" nPathComplexity="0" sequenceCoverage="0" branchCoverage="0" crapScore="2" isConstructor="true" isStatic="false" isGetter="false" isSetter="false">
              <Summary numSequencePoints="13" visitedSequencePoints="0" numBranchPoints="1" visitedBranchPoints="0" sequenceCoverage="0" branchCoverage="0" maxCyclomaticComplexity="1" minCyclomaticComplexity="1" maxCrapScore="2" minCrapScore="2" visitedClasses="0" numClasses="0" visitedMethods="0" numMethods="1" />
              <MetadataToken>100663318</MetadataToken>
              <Name>System.Void ABSoftware.ABSave.ABSaveSettings::.ctor(ABSoftware.ABSave.Exceptions.Base.ABSaveErrorHandler,System.Boolean,System.Boolean)</Name>
              <FileRef uid="2" />
              <SequencePoints>
                <SequencePoint vc="0" uspid="121" ordinal="0" offset="0" sl="19" sc="9" el="19" ec="44" bec="0" bev="0" fileid="2" />
                <SequencePoint vc="0" uspid="122" ordinal="1" offset="7" sl="27" sc="9" el="27" ec="77" bec="0" bev="0" fileid="2" />
                <SequencePoint vc="0" uspid="123" ordinal="2" offset="18" sl="32" sc="47" el="32" ec="51" bec="0" bev="0" fileid="2" />
                <SequencePoint vc="0" uspid="124" ordinal="3" offset="25" sl="50" sc="48" el="50" ec="53" bec="0" bev="0" fileid="2" />
                <SequencePoint vc="0" uspid="125" ordinal="4" offset="32" sl="55" sc="44" el="55" ec="45" bec="0" bev="0" fileid="2" />
                <SequencePoint vc="0" uspid="126" ordinal="5" offset="39" sl="64" sc="9" el="64" ec="56" bec="0" bev="0" fileid="2" />
                <SequencePoint vc="0" uspid="127" ordinal="6" offset="46" sl="69" sc="9" el="69" ec="96" bec="0" bev="0" fileid="2" />
                <SequencePoint vc="0" uspid="128" ordinal="7" offset="57" sl="74" sc="9" el="74" ec="50" bec="0" bev="0" fileid="2" />
                <SequencePoint vc="0" uspid="129" ordinal="8" offset="64" sl="122" sc="9" el="122" ec="114" bec="0" bev="0" fileid="2" />
                <SequencePoint vc="0" uspid="130" ordinal="9" offset="71" sl="123" sc="9" el="123" ec="10" bec="0" bev="0" fileid="2" />
                <SequencePoint vc="0" uspid="131" ordinal="10" offset="72" sl="125" sc="13" el="125" ec="61" bec="0" bev="0" fileid="2" />
                <SequencePoint vc="0" uspid="132" ordinal="11" offset="81" sl="128" sc="13" el="128" ec="41" bec="0" bev="0" fileid="2" />
                <SequencePoint vc="0" uspid="133" ordinal="12" offset="88" sl="129" sc="9" el="129" ec="10" bec="0" bev="0" fileid="2" />
              </SequencePoints>
              <BranchPoints />
              <MethodPoint xsi:type="SequencePoint" vc="0" uspid="121" ordinal="0" offset="0" sl="19" sc="9" el="19" ec="44" bec="0" bev="0" fileid="2" />
            </Method>
            <Method visited="false" cyclomaticComplexity="1" nPathComplexity="0" sequenceCoverage="0" branchCoverage="0" crapScore="2" isConstructor="true" isStatic="false" isGetter="false" isSetter="false">
              <Summary numSequencePoints="14" visitedSequencePoints="0" numBranchPoints="1" visitedBranchPoints="0" sequenceCoverage="0" branchCoverage="0" maxCyclomaticComplexity="1" minCyclomaticComplexity="1" maxCrapScore="2" minCrapScore="2" visitedClasses="0" numClasses="0" visitedMethods="0" numMethods="1" />
              <MetadataToken>100663319</MetadataToken>
              <Name>System.Void ABSoftware.ABSave.ABSaveSettings::.ctor(System.Int32,ABSoftware.ABSave.Exceptions.Base.ABSaveErrorHandler,System.Boolean,System.Boolean)</Name>
              <FileRef uid="2" />
              <SequencePoints>
                <SequencePoint vc="0" uspid="134" ordinal="0" offset="0" sl="19" sc="9" el="19" ec="44" bec="0" bev="0" fileid="2" />
                <SequencePoint vc="0" uspid="135" ordinal="1" offset="7" sl="27" sc="9" el="27" ec="77" bec="0" bev="0" fileid="2" />
                <SequencePoint vc="0" uspid="136" ordinal="2" offset="18" sl="32" sc="47" el="32" ec="51" bec="0" bev="0" fileid="2" />
                <SequencePoint vc="0" uspid="137" ordinal="3" offset="25" sl="50" sc="48" el="50" ec="53" bec="0" bev="0" fileid="2" />
                <SequencePoint vc="0" uspid="138" ordinal="4" offset="32" sl="55" sc="44" el="55" ec="45" bec="0" bev="0" fileid="2" />
                <SequencePoint vc="0" uspid="139" ordinal="5" offset="39" sl="64" sc="9" el="64" ec="56" bec="0" bev="0" fileid="2" />
                <SequencePoint vc="0" uspid="140" ordinal="6" offset="46" sl="69" sc="9" el="69" ec="96" bec="0" bev="0" fileid="2" />
                <SequencePoint vc="0" uspid="141" ordinal="7" offset="57" sl="74" sc="9" el="74" ec="50" bec="0" bev="0" fileid="2" />
                <SequencePoint vc="0" uspid="142" ordinal="8" offset="64" sl="134" sc="9" el="134" ec="127" bec="0" bev="0" fileid="2" />
                <SequencePoint vc="0" uspid="143" ordinal="9" offset="71" sl="135" sc="9" el="135" ec="10" bec="0" bev="0" fileid="2" />
                <SequencePoint vc="0" uspid="144" ordinal="10" offset="72" sl="137" sc="13" el="137" ec="61" bec="0" bev="0" fileid="2" />
                <SequencePoint vc="0" uspid="145" ordinal="11" offset="82" sl="138" sc="13" el="138" ec="40" bec="0" bev="0" fileid="2" />
                <SequencePoint vc="0" uspid="146" ordinal="12" offset="90" sl="141" sc="13" el="141" ec="41" bec="0" bev="0" fileid="2" />
                <SequencePoint vc="0" uspid="147" ordinal="13" offset="97" sl="142" sc="9" el="142" ec="10" bec="0" bev="0" fileid="2" />
              </SequencePoints>
              <BranchPoints />
              <MethodPoint xsi:type="SequencePoint" vc="0" uspid="134" ordinal="0" offset="0" sl="19" sc="9" el="19" ec="44" bec="0" bev="0" fileid="2" />
            </Method>
            <Method visited="true" cyclomaticComplexity="1" nPathComplexity="0" sequenceCoverage="100" branchCoverage="100" crapScore="1" isConstructor="false" isStatic="false" isGetter="false" isSetter="false">
              <Summary numSequencePoints="4" visitedSequencePoints="4" numBranchPoints="1" visitedBranchPoints="1" sequenceCoverage="100" branchCoverage="100" maxCyclomaticComplexity="1" minCyclomaticComplexity="1" maxCrapScore="1" minCrapScore="1" visitedClasses="0" numClasses="0" visitedMethods="1" numMethods="1" />
              <MetadataToken>100663320</MetadataToken>
              <Name>System.Void ABSoftware.ABSave.ABSaveSettings::InitializeBasicConfig(System.Boolean,System.Boolean)</Name>
              <FileRef uid="2" />
              <SequencePoints>
                <SequencePoint vc="1" uspid="148" ordinal="0" offset="0" sl="148" sc="9" el="148" ec="10" bec="0" bev="0" fileid="2" />
                <SequencePoint vc="1" uspid="149" ordinal="1" offset="1" sl="150" sc="13" el="150" ec="35" bec="0" bev="0" fileid="2" />
                <SequencePoint vc="1" uspid="150" ordinal="2" offset="9" sl="151" sc="13" el="151" ec="43" bec="0" bev="0" fileid="2" />
                <SequencePoint vc="1" uspid="151" ordinal="3" offset="17" sl="152" sc="9" el="152" ec="10" bec="0" bev="0" fileid="2" />
              </SequencePoints>
              <BranchPoints />
              <MethodPoint xsi:type="SequencePoint" vc="1" uspid="148" ordinal="0" offset="0" sl="148" sc="9" el="148" ec="10" bec="0" bev="0" fileid="2" />
            </Method>
            <Method visited="false" cyclomaticComplexity="1" nPathComplexity="0" sequenceCoverage="0" branchCoverage="0" crapScore="2" isConstructor="false" isStatic="false" isGetter="false" isSetter="false">
              <Summary numSequencePoints="4" visitedSequencePoints="0" numBranchPoints="1" visitedBranchPoints="0" sequenceCoverage="0" branchCoverage="0" maxCyclomaticComplexity="1" minCyclomaticComplexity="1" maxCrapScore="2" minCrapScore="2" visitedClasses="0" numClasses="0" visitedMethods="0" numMethods="1" />
              <MetadataToken>100663321</MetadataToken>
              <Name>System.Void ABSoftware.ABSave.ABSaveSettings::InitializeVersion(System.Int32)</Name>
              <FileRef uid="2" />
              <SequencePoints>
                <SequencePoint vc="0" uspid="152" ordinal="0" offset="0" sl="155" sc="9" el="155" ec="10" bec="0" bev="0" fileid="2" />
                <SequencePoint vc="0" uspid="153" ordinal="1" offset="1" sl="157" sc="13" el="157" ec="31" bec="0" bev="0" fileid="2" />
                <SequencePoint vc="0" uspid="154" ordinal="2" offset="9" sl="158" sc="13" el="158" ec="31" bec="0" bev="0" fileid="2" />
                <SequencePoint vc="0" uspid="155" ordinal="3" offset="17" sl="159" sc="9" el="159" ec="10" bec="0" bev="0" fileid="2" />
              </SequencePoints>
              <BranchPoints />
              <MethodPoint xsi:type="SequencePoint" vc="0" uspid="152" ordinal="0" offset="0" sl="155" sc="9" el="155" ec="10" bec="0" bev="0" fileid="2" />
            </Method>
          </Methods>
        </Class>
        <Class>
          <Summary numSequencePoints="165" visitedSequencePoints="42" numBranchPoints="163" visitedBranchPoints="63" sequenceCoverage="25.45" branchCoverage="38.65" maxCyclomaticComplexity="24" minCyclomaticComplexity="2" maxCrapScore="420" minCrapScore="2" visitedClasses="1" numClasses="1" visitedMethods="7" numMethods="13" />
          <FullName>ABSoftware.ABSave.ABSaveUtils</FullName>
          <Methods>
            <Method visited="true" cyclomaticComplexity="3" nPathComplexity="4" sequenceCoverage="100" branchCoverage="100" crapScore="3" isConstructor="false" isStatic="true" isGetter="false" isSetter="false">
              <Summary numSequencePoints="5" visitedSequencePoints="5" numBranchPoints="5" visitedBranchPoints="5" sequenceCoverage="100" branchCoverage="100" maxCyclomaticComplexity="3" minCyclomaticComplexity="3" maxCrapScore="3" minCrapScore="3" visitedClasses="0" numClasses="0" visitedMethods="1" numMethods="1" />
              <MetadataToken>100663322</MetadataToken>
              <Name>System.Boolean ABSoftware.ABSave.ABSaveUtils::IsArray(System.Type)</Name>
              <FileRef uid="3" />
              <SequencePoints>
                <SequencePoint vc="69" uspid="156" ordinal="0" offset="0" sl="51" sc="9" el="51" ec="10" bec="0" bev="0" fileid="3" />
                <SequencePoint vc="69" uspid="157" ordinal="1" offset="1" sl="52" sc="13" el="52" ec="27" bec="2" bev="2" fileid="3" />
                <SequencePoint vc="1" uspid="158" ordinal="2" offset="11" sl="53" sc="17" el="53" ec="29" bec="0" bev="0" fileid="3" />
                <SequencePoint vc="68" uspid="159" ordinal="3" offset="15" sl="55" sc="13" el="55" ec="86" bec="2" bev="2" fileid="3" />
                <SequencePoint vc="69" uspid="160" ordinal="4" offset="50" sl="56" sc="9" el="56" ec="10" bec="0" bev="0" fileid="3" />
              </SequencePoints>
              <BranchPoints>
                <BranchPoint vc="1" uspid="161" ordinal="0" offset="9" sl="52" path="0" offsetend="11" fileid="3" />
                <BranchPoint vc="68" uspid="162" ordinal="1" offset="9" sl="52" path="1" offsetend="15" fileid="3" />
                <BranchPoint vc="14" uspid="163" ordinal="2" offset="21" sl="55" path="0" offsetend="23" fileid="3" />
                <BranchPoint vc="54" uspid="164" ordinal="3" offset="21" sl="55" path="1" offsetend="46" fileid="3" />
              </BranchPoints>
              <MethodPoint xsi:type="SequencePoint" vc="69" uspid="156" ordinal="0" offset="0" sl="51" sc="9" el="51" ec="10" bec="0" bev="0" fileid="3" />
            </Method>
            <Method visited="true" cyclomaticComplexity="2" nPathComplexity="2" sequenceCoverage="100" branchCoverage="100" crapScore="2" isConstructor="false" isStatic="true" isGetter="false" isSetter="false">
              <Summary numSequencePoints="5" visitedSequencePoints="5" numBranchPoints="3" visitedBranchPoints="3" sequenceCoverage="100" branchCoverage="100" maxCyclomaticComplexity="2" minCyclomaticComplexity="2" maxCrapScore="2" minCrapScore="2" visitedClasses="0" numClasses="0" visitedMethods="1" numMethods="1" />
              <MetadataToken>100663323</MetadataToken>
              <Name>System.Boolean ABSoftware.ABSave.ABSaveUtils::IsNumericType(System.TypeCode)</Name>
              <FileRef uid="3" />
              <SequencePoints>
                <SequencePoint vc="109" uspid="165" ordinal="0" offset="0" sl="59" sc="9" el="59" ec="10" bec="0" bev="0" fileid="3" />
                <SequencePoint vc="109" uspid="166" ordinal="1" offset="1" sl="60" sc="13" el="60" ec="27" bec="2" bev="2" fileid="3" />
                <SequencePoint vc="40" uspid="167" ordinal="2" offset="14" sl="73" sc="21" el="73" ec="33" bec="0" bev="0" fileid="3" />
                <SequencePoint vc="69" uspid="168" ordinal="3" offset="18" sl="75" sc="21" el="75" ec="34" bec="0" bev="0" fileid="3" />
                <SequencePoint vc="109" uspid="169" ordinal="4" offset="22" sl="77" sc="9" el="77" ec="10" bec="0" bev="0" fileid="3" />
              </SequencePoints>
              <BranchPoints>
                <BranchPoint vc="69" uspid="170" ordinal="0" offset="10" sl="60" path="0" offsetchain="12" offsetend="18" fileid="3" />
                <BranchPoint vc="40" uspid="171" ordinal="1" offset="10" sl="60" path="1" offsetend="14" fileid="3" />
              </BranchPoints>
              <MethodPoint xsi:type="SequencePoint" vc="109" uspid="165" ordinal="0" offset="0" sl="59" sc="9" el="59" ec="10" bec="0" bev="0" fileid="3" />
            </Method>
            <Method visited="true" cyclomaticComplexity="2" nPathComplexity="2" sequenceCoverage="100" branchCoverage="100" crapScore="2" isConstructor="false" isStatic="true" isGetter="false" isSetter="false">
              <Summary numSequencePoints="3" visitedSequencePoints="3" numBranchPoints="3" visitedBranchPoints="3" sequenceCoverage="100" branchCoverage="100" maxCyclomaticComplexity="2" minCyclomaticComplexity="2" maxCrapScore="2" minCrapScore="2" visitedClasses="0" numClasses="0" visitedMethods="1" numMethods="1" />
              <MetadataToken>100663324</MetadataToken>
              <Name>System.Boolean ABSoftware.ABSave.ABSaveUtils::IsDictionary(System.Type)</Name>
              <FileRef uid="3" />
              <SequencePoints>
                <SequencePoint vc="57" uspid="172" ordinal="0" offset="0" sl="85" sc="9" el="85" ec="10" bec="0" bev="0" fileid="3" />
                <SequencePoint vc="57" uspid="173" ordinal="1" offset="1" sl="86" sc="13" el="86" ec="95" bec="2" bev="2" fileid="3" />
                <SequencePoint vc="57" uspid="174" ordinal="2" offset="36" sl="88" sc="9" el="88" ec="10" bec="0" bev="0" fileid="3" />
              </SequencePoints>
              <BranchPoints>
                <BranchPoint vc="3" uspid="175" ordinal="0" offset="7" sl="86" path="0" offsetend="9" fileid="3" />
                <BranchPoint vc="54" uspid="176" ordinal="1" offset="7" sl="86" path="1" offsetend="32" fileid="3" />
              </BranchPoints>
[...]
              </SequencePoints>
              <BranchPoints>
                <BranchPoint vc="0" uspid="1589" ordinal="0" offset="24" sl="307" path="0" offsetend="26" fileid="23" />
                <BranchPoint vc="0" uspid="1590" ordinal="1" offset="24" sl="307" path="1" offsetend="54" fileid="23" />
                <BranchPoint vc="0" uspid="1591" ordinal="2" offset="67" sl="314" path="0" offsetend="69" fileid="23" />
                <BranchPoint vc="0" uspid="1592" ordinal="3" offset="67" sl="314" path="1" offsetend="107" fileid="23" />
                <BranchPoint vc="0" uspid="1593" ordinal="4" offset="81" sl="317" path="0" offsetend="83" fileid="23" />
                <BranchPoint vc="0" uspid="1594" ordinal="5" offset="81" sl="317" path="1" offsetchain="105" offsetend="219" fileid="23" />
                <BranchPoint vc="0" uspid="1595" ordinal="6" offset="140" sl="331" path="0" offsetend="142" fileid="23" />
                <BranchPoint vc="0" uspid="1596" ordinal="7" offset="140" sl="331" path="1" offsetend="212" fileid="23" />
                <BranchPoint vc="0" uspid="1597" ordinal="8" offset="176" sl="337" path="0" offsetend="178" fileid="23" />
                <BranchPoint vc="0" uspid="1598" ordinal="9" offset="176" sl="337" path="1" offsetend="203" fileid="23" />
              </BranchPoints>
              <MethodPoint xsi:type="SequencePoint" vc="0" uspid="1566" ordinal="0" offset="0" sl="305" sc="9" el="305" ec="10" bec="0" bev="0" fileid="23" />
            </Method>
            <Method visited="false" cyclomaticComplexity="6" nPathComplexity="32" sequenceCoverage="0" branchCoverage="0" crapScore="42" isConstructor="false" isStatic="false" isGetter="false" isSetter="false">
              <Summary numSequencePoints="18" visitedSequencePoints="0" numBranchPoints="11" visitedBranchPoints="0" sequenceCoverage="0" branchCoverage="0" maxCyclomaticComplexity="6" minCyclomaticComplexity="6" maxCrapScore="42" minCrapScore="42" visitedClasses="0" numClasses="0" visitedMethods="0" numMethods="1" />
              <MetadataToken>100663419</MetadataToken>
              <Name>System.Void ABSoftware.ABSave.Deserialization.ABSaveParser`1::GetTypeFromHeader(System.String)</Name>
              <FileRef uid="23" />
              <SequencePoints>
                <SequencePoint vc="0" uspid="1599" ordinal="0" offset="0" sl="356" sc="9" el="356" ec="10" bec="0" bev="0" fileid="23" />
                <SequencePoint vc="0" uspid="1600" ordinal="1" offset="1" sl="358" sc="13" el="358" ec="40" bec="0" bev="0" fileid="23" />
                <SequencePoint vc="0" uspid="1601" ordinal="2" offset="9" sl="360" sc="13" el="360" ec="31" bec="9" bev="0" fileid="23" />
                <SequencePoint vc="0" uspid="1602" ordinal="3" offset="46" sl="364" sc="21" el="364" ec="53" bec="0" bev="0" fileid="23" />
                <SequencePoint vc="0" uspid="1603" ordinal="4" offset="54" sl="367" sc="21" el="367" ec="37" bec="0" bev="0" fileid="23" />
                <SequencePoint vc="0" uspid="1604" ordinal="5" offset="61" sl="368" sc="21" el="368" ec="27" bec="0" bev="0" fileid="23" />
                <SequencePoint vc="0" uspid="1605" ordinal="6" offset="63" sl="371" sc="21" el="371" ec="55" bec="0" bev="0" fileid="23" />
                <SequencePoint vc="0" uspid="1606" ordinal="7" offset="71" sl="374" sc="21" el="374" ec="37" bec="0" bev="0" fileid="23" />
                <SequencePoint vc="0" uspid="1607" ordinal="8" offset="78" sl="375" sc="21" el="375" ec="27" bec="0" bev="0" fileid="23" />
                <SequencePoint vc="0" uspid="1608" ordinal="9" offset="80" sl="378" sc="21" el="378" ec="53" bec="0" bev="0" fileid="23" />
                <SequencePoint vc="0" uspid="1609" ordinal="10" offset="88" sl="381" sc="21" el="381" ec="38" bec="0" bev="0" fileid="23" />
                <SequencePoint vc="0" uspid="1610" ordinal="11" offset="95" sl="382" sc="21" el="382" ec="27" bec="0" bev="0" fileid="23" />
                <SequencePoint vc="0" uspid="1611" ordinal="12" offset="97" sl="385" sc="21" el="385" ec="55" bec="0" bev="0" fileid="23" />
                <SequencePoint vc="0" uspid="1612" ordinal="13" offset="105" sl="388" sc="21" el="388" ec="38" bec="0" bev="0" fileid="23" />
                <SequencePoint vc="0" uspid="1613" ordinal="14" offset="112" sl="389" sc="21" el="389" ec="27" bec="0" bev="0" fileid="23" />
                <SequencePoint vc="0" uspid="1614" ordinal="15" offset="114" sl="393" sc="21" el="393" ec="141" bec="0" bev="0" fileid="23" />
                <SequencePoint vc="0" uspid="1615" ordinal="16" offset="136" sl="394" sc="21" el="394" ec="28" bec="0" bev="0" fileid="23" />
                <SequencePoint vc="0" uspid="1616" ordinal="17" offset="138" sl="396" sc="9" el="396" ec="10" bec="0" bev="0" fileid="23" />
              </SequencePoints>
              <BranchPoints>
                <BranchPoint vc="0" uspid="1617" ordinal="0" offset="16" sl="360" path="0" offsetend="18" fileid="23" />
                <BranchPoint vc="0" uspid="1618" ordinal="1" offset="16" sl="360" path="1" offsetend="32" fileid="23" />
                <BranchPoint vc="0" uspid="1619" ordinal="2" offset="21" sl="360" path="0" offsetchain="23" offsetend="25" fileid="23" />
                <BranchPoint vc="0" uspid="1620" ordinal="3" offset="21" sl="360" path="1" offsetend="97" fileid="23" />
                <BranchPoint vc="0" uspid="1621" ordinal="4" offset="28" sl="360" path="0" offsetchain="30" offsetend="114" fileid="23" />
                <BranchPoint vc="0" uspid="1622" ordinal="5" offset="28" sl="360" path="1" offsetend="63" fileid="23" />
                <BranchPoint vc="0" uspid="1623" ordinal="6" offset="35" sl="360" path="0" offsetchain="37" offsetend="39" fileid="23" />
                <BranchPoint vc="0" uspid="1624" ordinal="7" offset="35" sl="360" path="1" offsetend="46" fileid="23" />
                <BranchPoint vc="0" uspid="1625" ordinal="8" offset="42" sl="360" path="0" offsetchain="44" offsetend="114" fileid="23" />
                <BranchPoint vc="0" uspid="1626" ordinal="9" offset="42" sl="360" path="1" offsetend="80" fileid="23" />
              </BranchPoints>
              <MethodPoint xsi:type="SequencePoint" vc="0" uspid="1599" ordinal="0" offset="0" sl="356" sc="9" el="356" ec="10" bec="0" bev="0" fileid="23" />
            </Method>
            <Method visited="false" cyclomaticComplexity="1" nPathComplexity="0" sequenceCoverage="0" branchCoverage="0" crapScore="2" isConstructor="false" isStatic="false" isGetter="false" isSetter="false">
              <Summary numSequencePoints="5" visitedSequencePoints="0" numBranchPoints="1" visitedBranchPoints="0" sequenceCoverage="0" branchCoverage="0" maxCyclomaticComplexity="1" minCyclomaticComplexity="1" maxCrapScore="2" minCrapScore="2" visitedClasses="0" numClasses="0" visitedMethods="0" numMethods="1" />
              <MetadataToken>100663420</MetadataToken>
              <Name>System.Void ABSoftware.ABSave.Deserialization.ABSaveParser`1::AddItem(System.Type,System.Collections.Generic.List`1&lt;System.Object&gt;&amp;)</Name>
              <FileRef uid="23" />
              <SequencePoints>
                <SequencePoint vc="0" uspid="1627" ordinal="0" offset="0" sl="404" sc="9" el="404" ec="10" bec="0" bev="0" fileid="23" />
                <SequencePoint vc="0" uspid="1628" ordinal="1" offset="1" sl="406" sc="13" el="406" ec="79" bec="0" bev="0" fileid="23" />
                <SequencePoint vc="0" uspid="1629" ordinal="2" offset="8" sl="409" sc="13" el="409" ec="83" bec="0" bev="0" fileid="23" />
                <SequencePoint vc="0" uspid="1630" ordinal="3" offset="27" sl="412" sc="13" el="412" ec="32" bec="0" bev="0" fileid="23" />
                <SequencePoint vc="0" uspid="1631" ordinal="4" offset="40" sl="413" sc="9" el="413" ec="10" bec="0" bev="0" fileid="23" />
              </SequencePoints>
              <BranchPoints />
              <MethodPoint xsi:type="SequencePoint" vc="0" uspid="1627" ordinal="0" offset="0" sl="404" sc="9" el="404" ec="10" bec="0" bev="0" fileid="23" />
            </Method>
            <Method visited="false" cyclomaticComplexity="9" nPathComplexity="256" sequenceCoverage="0" branchCoverage="0" crapScore="90" isConstructor="false" isStatic="false" isGetter="false" isSetter="false">
              <Summary numSequencePoints="10" visitedSequencePoints="0" numBranchPoints="17" visitedBranchPoints="0" sequenceCoverage="0" branchCoverage="0" maxCyclomaticComplexity="9" minCyclomaticComplexity="9" maxCrapScore="90" minCrapScore="90" visitedClasses="0" numClasses="0" visitedMethods="0" numMethods="1" />
              <MetadataToken>100663421</MetadataToken>
              <Name>System.Void ABSoftware.ABSave.Deserialization.ABSaveParser`1::FinishObject()</Name>
              <FileRef uid="23" />
              <SequencePoints>
                <SequencePoint vc="0" uspid="1632" ordinal="0" offset="0" sl="419" sc="9" el="419" ec="10" bec="0" bev="0" fileid="23" />
                <SequencePoint vc="0" uspid="1633" ordinal="1" offset="1" sl="421" sc="13" el="421" ec="134" bec="6" bev="0" fileid="23" />
                <SequencePoint vc="0" uspid="1634" ordinal="2" offset="301" sl="424" sc="13" el="424" ec="63" bec="0" bev="0" fileid="23" />
                <SequencePoint vc="0" uspid="1635" ordinal="3" offset="326" sl="427" sc="13" el="427" ec="57" bec="0" bev="0" fileid="23" />
                <SequencePoint vc="0" uspid="1636" ordinal="4" offset="351" sl="430" sc="13" el="430" ec="43" bec="2" bev="0" fileid="23" />
                <SequencePoint vc="0" uspid="1637" ordinal="5" offset="369" sl="431" sc="13" el="431" ec="14" bec="0" bev="0" fileid="23" />
                <SequencePoint vc="0" uspid="1638" ordinal="6" offset="370" sl="432" sc="17" el="432" ec="30" bec="2" bev="0" fileid="23" />
                <SequencePoint vc="0" uspid="1639" ordinal="7" offset="442" sl="433" sc="17" el="433" ec="24" bec="0" bev="0" fileid="23" />
                <SequencePoint vc="0" uspid="1640" ordinal="8" offset="447" sl="437" sc="13" el="437" ec="79" bec="6" bev="0" fileid="23" />
                <SequencePoint vc="0" uspid="1641" ordinal="9" offset="715" sl="438" sc="9" el="438" ec="10" bec="0" bev="0" fileid="23" />
              </SequencePoints>
              <BranchPoints>
                <BranchPoint vc="0" uspid="1642" ordinal="0" offset="6" sl="421" path="0" offsetchain="8" offsetend="89" fileid="23" />
                <BranchPoint vc="0" uspid="1643" ordinal="1" offset="6" sl="421" path="1" offsetend="10" fileid="23" />
                <BranchPoint vc="0" uspid="1644" ordinal="2" offset="119" sl="421" path="0" offsetchain="121" offsetend="171" fileid="23" />
                <BranchPoint vc="0" uspid="1645" ordinal="3" offset="119" sl="421" path="1" offsetend="123" fileid="23" />
                <BranchPoint vc="0" uspid="1646" ordinal="4" offset="213" sl="421" path="0" offsetchain="215" offsetend="264" fileid="23" />
                <BranchPoint vc="0" uspid="1647" ordinal="5" offset="213" sl="421" path="1" offsetend="217" fileid="23" />
                <BranchPoint vc="0" uspid="1648" ordinal="6" offset="367" sl="430" path="0" offsetend="369" fileid="23" />
                <BranchPoint vc="0" uspid="1649" ordinal="7" offset="367" sl="430" path="1" offsetend="447" fileid="23" />
                <BranchPoint vc="0" uspid="1650" ordinal="8" offset="376" sl="432" path="0" offsetchain="378" offsetend="416" fileid="23" />
                <BranchPoint vc="0" uspid="1651" ordinal="9" offset="376" sl="432" path="1" offsetend="380" fileid="23" />
                <BranchPoint vc="0" uspid="1652" ordinal="10" offset="452" sl="437" path="0" offsetchain="454" offsetend="518" fileid="23" />
                <BranchPoint vc="0" uspid="1653" ordinal="11" offset="452" sl="437" path="1" offsetend="456" fileid="23" />
                <BranchPoint vc="0" uspid="1654" ordinal="12" offset="538" sl="437" path="0" offsetchain="540" offsetend="590" fileid="23" />
                <BranchPoint vc="0" uspid="1655" ordinal="13" offset="538" sl="437" path="1" offsetend="542" fileid="23" />
                <BranchPoint vc="0" uspid="1656" ordinal="14" offset="610" sl="437" path="0" offsetchain="612" offsetend="661" fileid="23" />
                <BranchPoint vc="0" uspid="1657" ordinal="15" offset="610" sl="437" path="1" offsetend="614" fileid="23" />
              </BranchPoints>
              <MethodPoint xsi:type="SequencePoint" vc="0" uspid="1632" ordinal="0" offset="0" sl="419" sc="9" el="419" ec="10" bec="0" bev="0" fileid="23" />
            </Method>
            <Method visited="false" cyclomaticComplexity="1" nPathComplexity="0" sequenceCoverage="0" branchCoverage="0" crapScore="2" isConstructor="false" isStatic="false" isGetter="false" isSetter="false">
              <Summary numSequencePoints="1" visitedSequencePoints="0" numBranchPoints="1" visitedBranchPoints="0" sequenceCoverage="0" branchCoverage="0" maxCyclomaticComplexity="1" minCyclomaticComplexity="1" maxCrapScore="2" minCrapScore="2" visitedClasses="0" numClasses="0" visitedMethods="0" numMethods="1" />
              <MetadataToken>100663422</MetadataToken>
              <Name>System.Void ABSoftware.ABSave.Deserialization.ABSaveParser`1::&lt;.ctor&gt;b__13_0(ABSoftware.ABSave.Exceptions.Base.ErrorEncounteredEventArgs)</Name>
              <FileRef uid="23" />
              <SequencePoints>
                <SequencePoint vc="0" uspid="1658" ordinal="0" offset="0" sl="133" sc="62" el="133" ec="82" bec="0" bev="0" fileid="23" />
              </SequencePoints>
              <BranchPoints />
              <MethodPoint xsi:type="SequencePoint" vc="0" uspid="1658" ordinal="0" offset="0" sl="133" sc="62" el="133" ec="82" bec="0" bev="0" fileid="23" />
            </Method>
          </Methods>
        </Class>
        <Class>
          <Summary numSequencePoints="0" visitedSequencePoints="0" numBranchPoints="0" visitedBranchPoints="0" sequenceCoverage="0" branchCoverage="0" maxCyclomaticComplexity="0" minCyclomaticComplexity="0" maxCrapScore="0" minCrapScore="0" visitedClasses="0" numClasses="0" visitedMethods="0" numMethods="0" />
          <FullName>ABSoftware.ABSave.Deserialization.ABSaveParser`1/&lt;&gt;o__16</FullName>
          <Methods />
        </Class>
        <Class>
          <Summary numSequencePoints="0" visitedSequencePoints="0" numBranchPoints="0" visitedBranchPoints="0" sequenceCoverage="0" branchCoverage="0" maxCyclomaticComplexity="0" minCyclomaticComplexity="0" maxCrapScore="0" minCrapScore="0" visitedClasses="0" numClasses="0" visitedMethods="0" numMethods="0" />
          <FullName>ABSoftware.ABSave.Deserialization.ABSaveParser`1/&lt;&gt;o__18</FullName>
          <Methods />
        </Class>
        <Class>
          <Summary numSequencePoints="0" visitedSequencePoints="0" numBranchPoints="0" visitedBranchPoints="0" sequenceCoverage="0" branchCoverage="0" maxCyclomaticComplexity="0" minCyclomaticComplexity="0" maxCrapScore="0" minCrapScore="0" visitedClasses="0" numClasses="0" visitedMethods="0" numMethods="0" />
          <FullName>ABSoftware.ABSave.Deserialization.ABSaveParser`1/&lt;&gt;o__19</FullName>
          <Methods />
        </Class>
        <Class>
          <Summary numSequencePoints="0" visitedSequencePoints="0" numBranchPoints="0" visitedBranchPoints="0" sequenceCoverage="0" branchCoverage="0" maxCyclomaticComplexity="0" minCyclomaticComplexity="0" maxCrapScore="0" minCrapScore="0" visitedClasses="0" numClasses="0" visitedMethods="0" numMethods="0" />
          <FullName>ABSoftware.ABSave.Deserialization.ABSaveParser`1/&lt;&gt;o__23</FullName>
          <Methods />
        </Class>
      </Classes>
    </Module>
    <Module skippedDueTo="Filter" hash="DF-14-5B-E5-1D-C8-57-72-0A-1A-8F-3F-F7-3E-DA-80-AD-09-69-69">
      <ModulePath>C:\WINDOWS\Microsoft.Net\assembly\GAC_MSIL\Microsoft.CSharp\v4.0_4.0.0.0__b03f5f7f11d50a3a\Microsoft.CSharp.dll</ModulePath>
      <ModuleTime>2019-03-19T04:46:49.7108417Z</ModuleTime>
      <ModuleName>Microsoft.CSharp</ModuleName>
      <Classes />
    </Module>
    <Module skippedDueTo="Filter" hash="7B-6F-5A-57-3F-2F-3F-81-A8-4F-75-67-5A-56-90-08-C0-83-72-95">
      <ModulePath>C:\WINDOWS\Microsoft.Net\assembly\GAC_MSIL\System.Dynamic\v4.0_4.0.0.0__b03f5f7f11d50a3a\System.Dynamic.dll</ModulePath>
      <ModuleTime>2019-03-19T04:46:43.6166079Z</ModuleTime>
      <ModuleName>System.Dynamic</ModuleName>
      <Classes />
    </Module>
    <Module skippedDueTo="Filter" hash="">
      <ModulePath>RefEmit_InMemoryManifestModule</ModulePath>
      <ModuleTime>0001-01-01T00:00:00</ModuleTime>
      <ModuleName>Anonymously Hosted DynamicMethods Assembly</ModuleName>
      <Classes />
    </Module>
    <Module skippedDueTo="Filter" hash="AF-8A-79-67-1C-DE-C9-20-39-41-D1-0E-B2-78-DC-0C-AE-F3-7F-38">
      <ModulePath>G:\Prog-Projects\ABWorld\ABSoftware\Libraries\ABSoftware.ABSave\ABSoftware.ABSave.Tests.UnitTests\bin\Debug\ABSoftware.ABSave.Tests.VersionAssembly.dll</ModulePath>
      <ModuleTime>2019-07-14T16:04:19.7301869Z</ModuleTime>
      <ModuleName>ABSoftware.ABSave.Tests.VersionAssembly</ModuleName>
      <Classes />
    </Module>
    <Module skippedDueTo="Filter" hash="C5-A9-32-58-E5-3C-97-D0-5E-2F-F4-5D-1D-AB-68-D5-39-0C-B9-83">
      <ModulePath>G:\Prog-Projects\ABWorld\ABSoftware\Libraries\ABSoftware.ABSave\ABSoftware.ABSave.Tests.UnitTests\bin\Debug\ABSoftware.ABSave.Tests.PKeyAndVersionAssembly.dll</ModulePath>
      <ModuleTime>2019-07-14T21:03:52.7320126Z</ModuleTime>
      <ModuleName>ABSoftware.ABSave.Tests.PKeyAndVersionAssembly</ModuleName>
      <Classes />
    </Module>
    <Module skippedDueTo="Filter" hash="24-C7-6F-FA-03-53-13-A9-62-B6-DB-D2-3A-70-12-AA-68-60-4D-7F">
      <ModulePath>C:\WINDOWS\Microsoft.Net\assembly\GAC_MSIL\System.Resources.ResourceManager\v4.0_4.0.0.0__b03f5f7f11d50a3a\System.Resources.ResourceManager.dll</ModulePath>
      <ModuleTime>2019-03-19T04:46:49.4139434Z</ModuleTime>
      <ModuleName>System.Resources.ResourceManager</ModuleName>
      <Classes />
    </Module>
    <Module skippedDueTo="Filter" hash="73-4A-53-8B-25-25-E1-EF-9C-E5-69-D5-D6-C5-5F-99-FD-AF-89-6D">
      <ModulePath>C:\WINDOWS\Microsoft.Net\assembly\GAC_MSIL\System.Text.RegularExpressions\v4.0_4.0.0.0__b03f5f7f11d50a3a\System.Text.RegularExpressions.dll</ModulePath>
      <ModuleTime>2019-03-19T04:46:41.7414606Z</ModuleTime>
      <ModuleName>System.Text.RegularExpressions</ModuleName>
      <Classes />
    </Module>
    <Module skippedDueTo="Filter" hash="B5-55-FD-BF-B5-69-EC-11-20-2A-71-F4-7B-26-D3-52-93-A5-9A-D2">
      <ModulePath>C:\Program Files (x86)\Microsoft Visual Studio\2019\Community\Common7\IDE\Extensions\TestPlatform\Microsoft.VisualStudio.QualityTools.ExecutionCommon.dll</ModulePath>
      <ModuleTime>2019-06-08T12:06:20.0978707Z</ModuleTime>
      <ModuleName>Microsoft.VisualStudio.QualityTools.ExecutionCommon</ModuleName>
      <Classes />
    </Module>
    <Module skippedDueTo="Filter" hash="19-FF-7F-BA-06-22-77-EB-0E-5E-8C-B4-FC-02-0D-35-46-D8-6E-AB">
      <ModulePath>C:\Program Files (x86)\Microsoft Visual Studio\2019\Community\Common7\IDE\Extensions\TestPlatform\Microsoft.VisualStudio.QualityTools.Resource.dll</ModulePath>
      <ModuleTime>2019-06-08T12:06:20.0978707Z</ModuleTime>
      <ModuleName>Microsoft.VisualStudio.QualityTools.Resource</ModuleName>
      <Classes />
    </Module>
    <Module skippedDueTo="Filter" hash="90-6D-88-6F-33-86-B4-AD-C6-57-38-37-3E-17-1F-9C-AB-4E-E1-CF">
      <ModulePath>C:\Program Files (x86)\Microsoft Visual Studio\2019\Community\Common7\IDE\Extensions\TestPlatform\Microsoft.VisualStudio.QualityTools.WebTestFramework.dll</ModulePath>
      <ModuleTime>2019-06-08T12:06:20.0978707Z</ModuleTime>
      <ModuleName>Microsoft.VisualStudio.QualityTools.WebTestFramework</ModuleName>
      <Classes />
    </Module>
  </Modules>
</CoverageSession>